SF:/Users/darrenbryant/just-vibes/slugtale/src-tauri/src/app_files.rs
FN:95,_RNvMNtCsebJ5IxXa3fs_12slugtale_lib9app_filesNtB2_8AppFiles14diagnostic_log
FN:32,_RNvMNtCsebJ5IxXa3fs_12slugtale_lib9app_filesNtB2_8AppFiles8from_app
FN:108,_RNvNtNtCsebJ5IxXa3fs_12slugtale_lib9app_files5tests15unique_test_dir
FN:168,_RNvNtNtCsebJ5IxXa3fs_12slugtale_lib9app_files5testss_35usage_round_trips_through_the_store
FN:120,_RNvNtNtCsebJ5IxXa3fs_12slugtale_lib9app_files5testss_38every_file_resolves_from_its_directory
FN:154,_RNvNtNtCsebJ5IxXa3fs_12slugtale_lib9app_files5testss_43saved_settings_round_trip_through_the_store
FN:141,_RNvNtNtCsebJ5IxXa3fs_12slugtale_lib9app_files5testss_52an_unresolvable_config_dir_answers_none_and_defaults
FN:54,_RNCNvMNtCsebJ5IxXa3fs_12slugtale_lib9app_filesNtB4_8AppFiles10usage_path0B6_
FN:80,_RNCNvMNtCsebJ5IxXa3fs_12slugtale_lib9app_filesNtB4_8AppFiles13save_settings0B6_
FN:84,_RNCNvMNtCsebJ5IxXa3fs_12slugtale_lib9app_filesNtB4_8AppFiles13save_settingss0_0B6_
FN:82,_RNCNvMNtCsebJ5IxXa3fs_12slugtale_lib9app_filesNtB4_8AppFiles13save_settingss_0B6_
FN:49,_RNCNvMNtCsebJ5IxXa3fs_12slugtale_lib9app_filesNtB4_8AppFiles13settings_path0B6_
FN:60,_RNCNvMNtCsebJ5IxXa3fs_12slugtale_lib9app_filesNtB4_8AppFiles19diagnostic_log_path0B6_
FN:89,_RNCNvMNtCsebJ5IxXa3fs_12slugtale_lib9app_filesNtB4_8AppFiles5usage0B6_
FN:73,_RNCNvMNtCsebJ5IxXa3fs_12slugtale_lib9app_filesNtB4_8AppFiles8settings0B6_
FN:66,_RNCNvMNtCsebJ5IxXa3fs_12slugtale_lib9app_filesNtB4_8AppFiles9model_dir0B6_
FN:67,_RNCNvMNtCsebJ5IxXa3fs_12slugtale_lib9app_filesNtB4_8AppFiles9model_dirs_0B6_
FN:53,_RNvMNtCsebJ5IxXa3fs_12slugtale_lib9app_filesNtB2_8AppFiles10usage_path
FN:77,_RNvMNtCsebJ5IxXa3fs_12slugtale_lib9app_filesNtB2_8AppFiles13save_settings
FN:48,_RNvMNtCsebJ5IxXa3fs_12slugtale_lib9app_filesNtB2_8AppFiles13settings_path
FN:57,_RNvMNtCsebJ5IxXa3fs_12slugtale_lib9app_filesNtB2_8AppFiles19diagnostic_log_path
FN:87,_RNvMNtCsebJ5IxXa3fs_12slugtale_lib9app_filesNtB2_8AppFiles5usage
FN:71,_RNvMNtCsebJ5IxXa3fs_12slugtale_lib9app_filesNtB2_8AppFiles8settings
FN:41,_RNvMNtCsebJ5IxXa3fs_12slugtale_lib9app_filesNtB2_8AppFiles9from_dirs
FN:63,_RNvMNtCsebJ5IxXa3fs_12slugtale_lib9app_filesNtB2_8AppFiles9model_dir
FNDA:0,_RNvMNtCsebJ5IxXa3fs_12slugtale_lib9app_filesNtB2_8AppFiles14diagnostic_log
FNDA:0,_RNvMNtCsebJ5IxXa3fs_12slugtale_lib9app_filesNtB2_8AppFiles8from_app
FNDA:5,_RNvNtNtCsebJ5IxXa3fs_12slugtale_lib9app_files5tests15unique_test_dir
FNDA:1,_RNvNtNtCsebJ5IxXa3fs_12slugtale_lib9app_files5testss_35usage_round_trips_through_the_store
FNDA:1,_RNvNtNtCsebJ5IxXa3fs_12slugtale_lib9app_files5testss_38every_file_resolves_from_its_directory
FNDA:1,_RNvNtNtCsebJ5IxXa3fs_12slugtale_lib9app_files5testss_43saved_settings_round_trip_through_the_store
FNDA:1,_RNvNtNtCsebJ5IxXa3fs_12slugtale_lib9app_files5testss_52an_unresolvable_config_dir_answers_none_and_defaults
FNDA:4,_RNCNvMNtCsebJ5IxXa3fs_12slugtale_lib9app_filesNtB4_8AppFiles10usage_path0B6_
FNDA:0,_RNCNvMNtCsebJ5IxXa3fs_12slugtale_lib9app_filesNtB4_8AppFiles13save_settings0B6_
FNDA:0,_RNCNvMNtCsebJ5IxXa3fs_12slugtale_lib9app_filesNtB4_8AppFiles13save_settingss0_0B6_
FNDA:0,_RNCNvMNtCsebJ5IxXa3fs_12slugtale_lib9app_filesNtB4_8AppFiles13save_settingss_0B6_
FNDA:3,_RNCNvMNtCsebJ5IxXa3fs_12slugtale_lib9app_filesNtB4_8AppFiles13settings_path0B6_
FNDA:1,_RNCNvMNtCsebJ5IxXa3fs_12slugtale_lib9app_filesNtB4_8AppFiles19diagnostic_log_path0B6_
FNDA:2,_RNCNvMNtCsebJ5IxXa3fs_12slugtale_lib9app_filesNtB4_8AppFiles5usage0B6_
FNDA:1,_RNCNvMNtCsebJ5IxXa3fs_12slugtale_lib9app_filesNtB4_8AppFiles8settings0B6_
FNDA:1,_RNCNvMNtCsebJ5IxXa3fs_12slugtale_lib9app_filesNtB4_8AppFiles9model_dir0B6_
FNDA:0,_RNCNvMNtCsebJ5IxXa3fs_12slugtale_lib9app_filesNtB4_8AppFiles9model_dirs_0B6_
FNDA:5,_RNvMNtCsebJ5IxXa3fs_12slugtale_lib9app_filesNtB2_8AppFiles10usage_path
FNDA:1,_RNvMNtCsebJ5IxXa3fs_12slugtale_lib9app_filesNtB2_8AppFiles13save_settings
FNDA:5,_RNvMNtCsebJ5IxXa3fs_12slugtale_lib9app_filesNtB2_8AppFiles13settings_path
FNDA:1,_RNvMNtCsebJ5IxXa3fs_12slugtale_lib9app_filesNtB2_8AppFiles19diagnostic_log_path
FNDA:2,_RNvMNtCsebJ5IxXa3fs_12slugtale_lib9app_filesNtB2_8AppFiles5usage
FNDA:2,_RNvMNtCsebJ5IxXa3fs_12slugtale_lib9app_filesNtB2_8AppFiles8settings
FNDA:4,_RNvMNtCsebJ5IxXa3fs_12slugtale_lib9app_filesNtB2_8AppFiles9from_dirs
FNDA:1,_RNvMNtCsebJ5IxXa3fs_12slugtale_lib9app_filesNtB2_8AppFiles9model_dir
FNF:25
FNH:19
DA:32,0
DA:34,0
DA:35,0
DA:36,0
DA:37,0
DA:38,0
DA:41,4
DA:42,4
DA:43,4
DA:44,4
DA:45,4
DA:46,4
DA:48,5
DA:49,5
DA:50,5
DA:53,5
DA:54,5
DA:55,5
DA:57,1
DA:58,1
DA:59,1
DA:60,1
DA:61,1
DA:63,1
DA:64,1
DA:65,1
DA:66,1
DA:67,1
DA:68,1
DA:71,2
DA:72,2
DA:73,2
DA:74,2
DA:75,2
DA:77,1
DA:78,1
DA:79,1
DA:80,1
DA:81,1
DA:82,1
DA:83,0
DA:84,1
DA:85,1
DA:87,2
DA:88,2
DA:89,2
DA:90,2
DA:91,2
DA:95,0
DA:96,0
DA:97,0
DA:98,0
DA:99,0
DA:100,0
DA:101,0
DA:108,5
DA:109,5
DA:110,5
DA:111,5
DA:112,5
DA:113,5
DA:114,5
DA:115,5
DA:116,5
DA:117,5
DA:120,1
DA:121,1
DA:122,1
DA:123,1
DA:125,1
DA:126,1
DA:127,1
DA:129,1
DA:130,1
DA:131,1
DA:132,1
DA:134,1
DA:136,1
DA:137,1
DA:138,1
DA:141,1
DA:142,1
DA:144,1
DA:145,1
DA:146,1
DA:147,1
DA:148,1
DA:151,1
DA:154,1
DA:155,1
DA:156,1
DA:158,1
DA:159,1
DA:160,1
DA:162,1
DA:164,1
DA:165,1
DA:168,1
DA:169,1
DA:170,1
DA:172,1
DA:173,1
DA:174,1
DA:175,1
DA:176,1
DA:177,1
DA:178,1
DA:179,1
DA:180,1
DA:182,1
DA:183,1
DA:184,1
DA:185,1
DA:186,1
DA:188,1
DA:189,1
DA:191,1
DA:192,1
BRF:0
BRH:0
LF:128
LH:110
end_of_record
SF:/Users/darrenbryant/just-vibes/slugtale/src-tauri/src/app_shell.rs
FN:196,_RNvNtNtCsebJ5IxXa3fs_12slugtale_lib9app_shell5testss_23tray_menu_has_quit_item
FN:190,_RNvNtNtCsebJ5IxXa3fs_12slugtale_lib9app_shell5testss_27tray_menu_has_settings_item
FN:209,_RNvNtNtCsebJ5IxXa3fs_12slugtale_lib9app_shell5testss_28quit_item_label_matches_spec
FN:202,_RNvNtNtCsebJ5IxXa3fs_12slugtale_lib9app_shell5testss_32settings_item_label_matches_spec
FN:111,_RNvNtNtCsebJ5IxXa3fs_12slugtale_lib9app_shell5testss_36unknown_windows_are_allowed_to_close
FN:106,_RNvNtNtCsebJ5IxXa3fs_12slugtale_lib9app_shell5testss_40settings_window_hides_instead_of_closing
FN:216,_RNvNtNtCsebJ5IxXa3fs_12slugtale_lib9app_shell5testss_45tray_menu_actions_cover_every_configured_item
FN:125,_RNvNtNtCsebJ5IxXa3fs_12slugtale_lib9app_shell5testss_52dictation_bar_preserves_the_active_text_target_focus
FN:130,_RNvNtNtCsebJ5IxXa3fs_12slugtale_lib9app_shell5testss_57developer_run_app_declares_why_it_needs_microphone_access
FN:116,_RNvNtNtCsebJ5IxXa3fs_12slugtale_lib9app_shell5testss_59the_typing_challenge_window_is_destroyed_rather_than_hidden
FN:138,_RNvNtNtCsebJ5IxXa3fs_12slugtale_lib9app_shell5testss_60developer_run_app_builds_a_macos_bundle_for_privacy_identity
FN:95,_RNvNtNtCsebJ5IxXa3fs_12slugtale_lib9app_shell5testss_69installed_app_reauthorization_mode_is_selected_by_its_launch_argument
FN:170,_RNvNtNtCsebJ5IxXa3fs_12slugtale_lib9app_shell5testss_71developer_run_has_a_recovery_path_for_stale_macos_text_insertion_grants
FN:198,_RNCNvNtNtCsebJ5IxXa3fs_12slugtale_lib9app_shell5testss_23tray_menu_has_quit_item0B7_
FN:192,_RNCNvNtNtCsebJ5IxXa3fs_12slugtale_lib9app_shell5testss_27tray_menu_has_settings_item0B7_
FN:211,_RNCNvNtNtCsebJ5IxXa3fs_12slugtale_lib9app_shell5testss_28quit_item_label_matches_spec0B7_
FN:204,_RNCNvNtNtCsebJ5IxXa3fs_12slugtale_lib9app_shell5testss_32settings_item_label_matches_spec0B7_
FN:66,_RNCNvNtCsebJ5IxXa3fs_12slugtale_lib9app_shell10setup_tray0B5_
FN:76,_RNCNvNtCsebJ5IxXa3fs_12slugtale_lib9app_shell10setup_trays_0B5_
FN:56,_RNvNtCsebJ5IxXa3fs_12slugtale_lib9app_shell10setup_tray
FN:49,_RNvNtCsebJ5IxXa3fs_12slugtale_lib9app_shell13show_settings
FN:41,_RNvNtCsebJ5IxXa3fs_12slugtale_lib9app_shell14hides_on_close
FN:29,_RNvNtCsebJ5IxXa3fs_12slugtale_lib9app_shell16tray_menu_action
FN:19,_RNvNtCsebJ5IxXa3fs_12slugtale_lib9app_shell21build_tray_menu_items
FN:45,_RNvNtCsebJ5IxXa3fs_12slugtale_lib9app_shell31dictation_bar_should_take_focus
FN:10,_RINvNtCsebJ5IxXa3fs_12slugtale_lib9app_shell36permission_reauthorization_requestedARej1_B1j_EB4_
FN:10,_RINvNtCsebJ5IxXa3fs_12slugtale_lib9app_shell36permission_reauthorization_requestedARej2_B1j_EB4_
FN:16,_RNCINvNtCsebJ5IxXa3fs_12slugtale_lib9app_shell36permission_reauthorization_requestedARej1_B1l_E0B6_
FN:16,_RNCINvNtCsebJ5IxXa3fs_12slugtale_lib9app_shell36permission_reauthorization_requestedARej2_B1l_E0B6_
FNDA:1,_RNvNtNtCsebJ5IxXa3fs_12slugtale_lib9app_shell5testss_23tray_menu_has_quit_item
FNDA:1,_RNvNtNtCsebJ5IxXa3fs_12slugtale_lib9app_shell5testss_27tray_menu_has_settings_item
FNDA:1,_RNvNtNtCsebJ5IxXa3fs_12slugtale_lib9app_shell5testss_28quit_item_label_matches_spec
FNDA:1,_RNvNtNtCsebJ5IxXa3fs_12slugtale_lib9app_shell5testss_32settings_item_label_matches_spec
FNDA:1,_RNvNtNtCsebJ5IxXa3fs_12slugtale_lib9app_shell5testss_36unknown_windows_are_allowed_to_close
FNDA:1,_RNvNtNtCsebJ5IxXa3fs_12slugtale_lib9app_shell5testss_40settings_window_hides_instead_of_closing
FNDA:1,_RNvNtNtCsebJ5IxXa3fs_12slugtale_lib9app_shell5testss_45tray_menu_actions_cover_every_configured_item
FNDA:1,_RNvNtNtCsebJ5IxXa3fs_12slugtale_lib9app_shell5testss_52dictation_bar_preserves_the_active_text_target_focus
FNDA:1,_RNvNtNtCsebJ5IxXa3fs_12slugtale_lib9app_shell5testss_57developer_run_app_declares_why_it_needs_microphone_access
FNDA:1,_RNvNtNtCsebJ5IxXa3fs_12slugtale_lib9app_shell5testss_59the_typing_challenge_window_is_destroyed_rather_than_hidden
FNDA:1,_RNvNtNtCsebJ5IxXa3fs_12slugtale_lib9app_shell5testss_60developer_run_app_builds_a_macos_bundle_for_privacy_identity
FNDA:1,_RNvNtNtCsebJ5IxXa3fs_12slugtale_lib9app_shell5testss_69installed_app_reauthorization_mode_is_selected_by_its_launch_argument
FNDA:1,_RNvNtNtCsebJ5IxXa3fs_12slugtale_lib9app_shell5testss_71developer_run_has_a_recovery_path_for_stale_macos_text_insertion_grants
FNDA:2,_RNCNvNtNtCsebJ5IxXa3fs_12slugtale_lib9app_shell5testss_23tray_menu_has_quit_item0B7_
FNDA:1,_RNCNvNtNtCsebJ5IxXa3fs_12slugtale_lib9app_shell5testss_27tray_menu_has_settings_item0B7_
FNDA:2,_RNCNvNtNtCsebJ5IxXa3fs_12slugtale_lib9app_shell5testss_28quit_item_label_matches_spec0B7_
FNDA:1,_RNCNvNtNtCsebJ5IxXa3fs_12slugtale_lib9app_shell5testss_32settings_item_label_matches_spec0B7_
FNDA:0,_RNCNvNtCsebJ5IxXa3fs_12slugtale_lib9app_shell10setup_tray0B5_
FNDA:0,_RNCNvNtCsebJ5IxXa3fs_12slugtale_lib9app_shell10setup_trays_0B5_
FNDA:0,_RNvNtCsebJ5IxXa3fs_12slugtale_lib9app_shell10setup_tray
FNDA:0,_RNvNtCsebJ5IxXa3fs_12slugtale_lib9app_shell13show_settings
FNDA:3,_RNvNtCsebJ5IxXa3fs_12slugtale_lib9app_shell14hides_on_close
FNDA:3,_RNvNtCsebJ5IxXa3fs_12slugtale_lib9app_shell16tray_menu_action
FNDA:4,_RNvNtCsebJ5IxXa3fs_12slugtale_lib9app_shell21build_tray_menu_items
FNDA:1,_RNvNtCsebJ5IxXa3fs_12slugtale_lib9app_shell31dictation_bar_should_take_focus
FNDA:1,_RINvNtCsebJ5IxXa3fs_12slugtale_lib9app_shell36permission_reauthorization_requestedARej1_B1j_EB4_
FNDA:1,_RINvNtCsebJ5IxXa3fs_12slugtale_lib9app_shell36permission_reauthorization_requestedARej2_B1j_EB4_
FNDA:1,_RNCINvNtCsebJ5IxXa3fs_12slugtale_lib9app_shell36permission_reauthorization_requestedARej1_B1l_E0B6_
FNDA:2,_RNCINvNtCsebJ5IxXa3fs_12slugtale_lib9app_shell36permission_reauthorization_requestedARej2_B1l_E0B6_
FNF:27
FNH:23
DA:10,2
DA:11,2
DA:12,2
DA:13,2
DA:15,2
DA:16,3
DA:17,2
DA:19,4
DA:20,4
DA:21,4
DA:29,3
DA:30,3
DA:31,3
DA:32,2
DA:33,1
DA:35,3
DA:41,3
DA:42,3
DA:43,3
DA:45,1
DA:46,1
DA:47,1
DA:49,0
DA:50,0
DA:51,0
DA:52,0
DA:53,0
DA:54,0
DA:56,0
DA:57,0
DA:59,0
DA:60,0
DA:61,0
DA:62,0
DA:65,0
DA:66,0
DA:67,0
DA:69,0
DA:71,0
DA:72,0
DA:73,0
DA:74,0
DA:75,0
DA:76,0
DA:77,0
DA:78,0
DA:79,0
DA:80,0
DA:81,0
DA:82,0
DA:83,0
DA:84,0
DA:85,0
DA:87,0
DA:88,0
DA:95,1
DA:96,1
DA:97,1
DA:98,1
DA:99,1
DA:100,1
DA:101,1
DA:102,1
DA:103,1
DA:106,1
DA:107,1
DA:108,1
DA:111,1
DA:112,1
DA:113,1
DA:116,1
DA:121,1
DA:122,1
DA:125,1
DA:126,1
DA:127,1
DA:130,1
DA:131,1
DA:133,1
DA:134,1
DA:135,1
DA:138,1
DA:139,1
DA:140,1
DA:142,1
DA:143,1
DA:144,1
DA:146,1
DA:147,1
DA:149,1
DA:151,1
DA:152,1
DA:153,1
DA:154,1
DA:155,1
DA:156,1
DA:157,1
DA:158,1
DA:159,1
DA:160,1
DA:161,1
DA:164,1
DA:165,1
DA:166,1
DA:167,1
DA:170,1
DA:171,1
DA:172,1
DA:174,1
DA:175,1
DA:179,1
DA:180,1
DA:182,1
DA:183,1
DA:184,1
DA:185,1
DA:186,1
DA:187,1
DA:190,1
DA:191,1
DA:192,1
DA:193,1
DA:196,1
DA:197,1
DA:198,2
DA:199,1
DA:202,1
DA:203,1
DA:204,1
DA:205,1
DA:206,1
DA:209,1
DA:210,1
DA:211,2
DA:212,1
DA:213,1
DA:216,1
DA:217,1
DA:218,1
DA:219,1
DA:220,1
BRF:0
BRH:0
LF:148
LH:113
end_of_record
SF:/Users/darrenbryant/just-vibes/slugtale/src-tauri/src/apple_speech.rs
FN:212,_RNvMs_NtCsebJ5IxXa3fs_12slugtale_lib12apple_speechNtB4_19AppleSpeechProvider10lock_cache
FN:190,_RNvMs_NtCsebJ5IxXa3fs_12slugtale_lib12apple_speechNtB4_19AppleSpeechProvider20refresh_availability
FN:207,_RNvMs_NtCsebJ5IxXa3fs_12slugtale_lib12apple_speechNtB4_19AppleSpeechProvider26request_asset_installation
FN:164,_RNvMs_NtCsebJ5IxXa3fs_12slugtale_lib12apple_speechNtB4_19AppleSpeechProvider3new
FN:180,_RNvMs_NtCsebJ5IxXa3fs_12slugtale_lib12apple_speechNtB4_19AppleSpeechProvider6locale
FN:607,_RNvNtCsebJ5IxXa3fs_12slugtale_lib12apple_speech14install_assets
FN:602,_RNvNtCsebJ5IxXa3fs_12slugtale_lib12apple_speech18probe_availability
FN:313,_RNvNtCsebJ5IxXa3fs_12slugtale_lib12apple_speech18split_alternatives
FN:284,_RNvNtCsebJ5IxXa3fs_12slugtale_lib12apple_speech18validate_recording
FN:302,_RNvNtCsebJ5IxXa3fs_12slugtale_lib12apple_speech19reported_confidence
FN:593,_RNvNtCsebJ5IxXa3fs_12slugtale_lib12apple_speech25unreachable_engine_reason
FN:127,_RNvNtCsebJ5IxXa3fs_12slugtale_lib12apple_speech27unsupported_platform_reason
FN:612,_RNvNtCsebJ5IxXa3fs_12slugtale_lib12apple_speech28transcribe_with_apple_speech
FN:120,_RNvNtCsebJ5IxXa3fs_12slugtale_lib12apple_speech33apple_speech_unsupported_platform
FN:265,_RNvXs0_NtCsebJ5IxXa3fs_12slugtale_lib12apple_speechNtB5_19AppleSpeechProviderNtNtB7_20transcription_engine21TranscriptionProvider10transcribe
FN:255,_RNvXs0_NtCsebJ5IxXa3fs_12slugtale_lib12apple_speechNtB5_19AppleSpeechProviderNtNtB7_20transcription_engine21TranscriptionProvider12availability
FN:222,_RNvXs0_NtCsebJ5IxXa3fs_12slugtale_lib12apple_speechNtB5_19AppleSpeechProviderNtNtB7_20transcription_engine21TranscriptionProvider6engine
FN:226,_RNvXs0_NtCsebJ5IxXa3fs_12slugtale_lib12apple_speechNtB5_19AppleSpeechProviderNtNtB7_20transcription_engine21TranscriptionProvider8metadata
FN:172,_RINvMs_NtCsebJ5IxXa3fs_12slugtale_lib12apple_speechNtB5_19AppleSpeechProvider10for_localeReEB7_
FN:217,_RNCNvMs_NtCsebJ5IxXa3fs_12slugtale_lib12apple_speechNtB6_19AppleSpeechProvider10lock_cache0B8_
FN:317,_RNCNvNtCsebJ5IxXa3fs_12slugtale_lib12apple_speech18split_alternatives0B5_
FN:157,_RNvXNtCsebJ5IxXa3fs_12slugtale_lib12apple_speechNtB2_19AppleSpeechProviderNtNtCs6sq8b9ugfBC_4core7default7Default7default
FN:682,_RNvNtNtCsebJ5IxXa3fs_12slugtale_lib12apple_speech5testss_40metadata_says_the_assets_belong_to_macos
FN:629,_RNvNtNtCsebJ5IxXa3fs_12slugtale_lib12apple_speech5testss_47neither_half_of_the_engine_ever_prints_anything
FN:772,_RNvNtNtCsebJ5IxXa3fs_12slugtale_lib12apple_speech5testss_52availability_is_probed_once_and_then_read_from_cache
FN:672,_RNvNtNtCsebJ5IxXa3fs_12slugtale_lib12apple_speech5testss_54an_unsupported_platform_offers_the_user_nothing_to_fix
FN:744,_RNvNtNtCsebJ5IxXa3fs_12slugtale_lib12apple_speech5testss_55a_recording_with_nothing_in_it_never_reaches_the_bridge
FN:704,_RNvNtNtCsebJ5IxXa3fs_12slugtale_lib12apple_speech5testss_58the_default_dictation_language_is_a_full_locale_identifier
FN:658,_RNvNtNtCsebJ5IxXa3fs_12slugtale_lib12apple_speech5testss_62on_linux_and_windows_the_engine_names_itself_and_where_it_runs
FN:715,_RNvNtNtCsebJ5IxXa3fs_12slugtale_lib12apple_speech5testss_63an_engine_that_reports_no_confidence_is_not_an_uncertain_engine
FN:728,_RNvNtNtCsebJ5IxXa3fs_12slugtale_lib12apple_speech5testss_70alternatives_arrive_as_whole_transcripts_split_on_the_record_separator
FN:812,_RNvNtNtCsebJ5IxXa3fs_12slugtale_lib12apple_speech5testss_71a_build_that_cannot_reach_apple_speech_cannot_install_its_assets_either
FN:784,_RNvNtNtCsebJ5IxXa3fs_12slugtale_lib12apple_speech5testss_72a_build_that_cannot_reach_apple_speech_refuses_before_touching_the_audio
FNDA:5,_RNvMs_NtCsebJ5IxXa3fs_12slugtale_lib12apple_speechNtB4_19AppleSpeechProvider10lock_cache
FNDA:1,_RNvMs_NtCsebJ5IxXa3fs_12slugtale_lib12apple_speechNtB4_19AppleSpeechProvider20refresh_availability
FNDA:1,_RNvMs_NtCsebJ5IxXa3fs_12slugtale_lib12apple_speechNtB4_19AppleSpeechProvider26request_asset_installation
FNDA:10,_RNvMs_NtCsebJ5IxXa3fs_12slugtale_lib12apple_speechNtB4_19AppleSpeechProvider3new
FNDA:3,_RNvMs_NtCsebJ5IxXa3fs_12slugtale_lib12apple_speechNtB4_19AppleSpeechProvider6locale
FNDA:1,_RNvNtCsebJ5IxXa3fs_12slugtale_lib12apple_speech14install_assets
FNDA:4,_RNvNtCsebJ5IxXa3fs_12slugtale_lib12apple_speech18probe_availability
FNDA:3,_RNvNtCsebJ5IxXa3fs_12slugtale_lib12apple_speech18split_alternatives
FNDA:3,_RNvNtCsebJ5IxXa3fs_12slugtale_lib12apple_speech18validate_recording
FNDA:6,_RNvNtCsebJ5IxXa3fs_12slugtale_lib12apple_speech19reported_confidence
FNDA:5,_RNvNtCsebJ5IxXa3fs_12slugtale_lib12apple_speech25unreachable_engine_reason
FNDA:3,_RNvNtCsebJ5IxXa3fs_12slugtale_lib12apple_speech27unsupported_platform_reason
FNDA:0,_RNvNtCsebJ5IxXa3fs_12slugtale_lib12apple_speech28transcribe_with_apple_speech
FNDA:3,_RNvNtCsebJ5IxXa3fs_12slugtale_lib12apple_speech33apple_speech_unsupported_platform
FNDA:1,_RNvXs0_NtCsebJ5IxXa3fs_12slugtale_lib12apple_speechNtB5_19AppleSpeechProviderNtNtB7_20transcription_engine21TranscriptionProvider10transcribe
FNDA:4,_RNvXs0_NtCsebJ5IxXa3fs_12slugtale_lib12apple_speechNtB5_19AppleSpeechProviderNtNtB7_20transcription_engine21TranscriptionProvider12availability
FNDA:0,_RNvXs0_NtCsebJ5IxXa3fs_12slugtale_lib12apple_speechNtB5_19AppleSpeechProviderNtNtB7_20transcription_engine21TranscriptionProvider6engine
FNDA:1,_RNvXs0_NtCsebJ5IxXa3fs_12slugtale_lib12apple_speechNtB5_19AppleSpeechProviderNtNtB7_20transcription_engine21TranscriptionProvider8metadata
FNDA:11,_RINvMs_NtCsebJ5IxXa3fs_12slugtale_lib12apple_speechNtB5_19AppleSpeechProvider10for_localeReEB7_
FNDA:0,_RNCNvMs_NtCsebJ5IxXa3fs_12slugtale_lib12apple_speechNtB6_19AppleSpeechProvider10lock_cache0B8_
FNDA:6,_RNCNvNtCsebJ5IxXa3fs_12slugtale_lib12apple_speech18split_alternatives0B5_
FNDA:0,_RNvXNtCsebJ5IxXa3fs_12slugtale_lib12apple_speechNtB2_19AppleSpeechProviderNtNtCs6sq8b9ugfBC_4core7default7Default7default
FNDA:1,_RNvNtNtCsebJ5IxXa3fs_12slugtale_lib12apple_speech5testss_40metadata_says_the_assets_belong_to_macos
FNDA:1,_RNvNtNtCsebJ5IxXa3fs_12slugtale_lib12apple_speech5testss_47neither_half_of_the_engine_ever_prints_anything
FNDA:1,_RNvNtNtCsebJ5IxXa3fs_12slugtale_lib12apple_speech5testss_52availability_is_probed_once_and_then_read_from_cache
FNDA:1,_RNvNtNtCsebJ5IxXa3fs_12slugtale_lib12apple_speech5testss_54an_unsupported_platform_offers_the_user_nothing_to_fix
FNDA:1,_RNvNtNtCsebJ5IxXa3fs_12slugtale_lib12apple_speech5testss_55a_recording_with_nothing_in_it_never_reaches_the_bridge
FNDA:1,_RNvNtNtCsebJ5IxXa3fs_12slugtale_lib12apple_speech5testss_58the_default_dictation_language_is_a_full_locale_identifier
FNDA:1,_RNvNtNtCsebJ5IxXa3fs_12slugtale_lib12apple_speech5testss_62on_linux_and_windows_the_engine_names_itself_and_where_it_runs
FNDA:1,_RNvNtNtCsebJ5IxXa3fs_12slugtale_lib12apple_speech5testss_63an_engine_that_reports_no_confidence_is_not_an_uncertain_engine
FNDA:1,_RNvNtNtCsebJ5IxXa3fs_12slugtale_lib12apple_speech5testss_70alternatives_arrive_as_whole_transcripts_split_on_the_record_separator
FNDA:1,_RNvNtNtCsebJ5IxXa3fs_12slugtale_lib12apple_speech5testss_71a_build_that_cannot_reach_apple_speech_cannot_install_its_assets_either
FNDA:1,_RNvNtNtCsebJ5IxXa3fs_12slugtale_lib12apple_speech5testss_72a_build_that_cannot_reach_apple_speech_refuses_before_touching_the_audio
FNF:33
FNH:29
DA:120,3
DA:121,3
DA:122,3
DA:127,3
DA:128,3
DA:129,3
DA:130,3
DA:131,3
DA:132,3
DA:134,0
DA:137,3
DA:157,0
DA:158,0
DA:159,0
DA:164,10
DA:165,10
DA:166,10
DA:172,11
DA:173,11
DA:174,11
DA:175,11
DA:176,11
DA:177,11
DA:180,3
DA:181,3
DA:182,3
DA:190,1
DA:191,1
DA:192,1
DA:193,1
DA:194,1
DA:207,1
DA:208,1
DA:209,0
DA:210,1
DA:212,5
DA:215,5
DA:216,5
DA:217,5
DA:218,5
DA:222,0
DA:223,0
DA:224,0
DA:226,1
DA:227,1
DA:228,1
DA:229,1
DA:230,1
DA:231,1
DA:232,1
DA:233,1
DA:234,1
DA:235,1
DA:236,1
DA:237,1
DA:238,1
DA:239,1
DA:240,1
DA:241,1
DA:242,1
DA:243,1
DA:244,1
DA:245,1
DA:246,1
DA:247,1
DA:248,1
DA:249,1
DA:250,1
DA:251,1
DA:252,1
DA:253,1
DA:255,4
DA:256,4
DA:257,4
DA:258,1
DA:259,3
DA:260,3
DA:261,3
DA:262,3
DA:263,4
DA:265,1
DA:269,1
DA:270,1
DA:271,1
DA:272,1
DA:273,1
DA:274,0
DA:275,0
DA:276,0
DA:277,1
DA:284,3
DA:285,3
DA:286,1
DA:287,1
DA:288,1
DA:289,2
DA:290,2
DA:291,1
DA:292,1
DA:293,1
DA:294,1
DA:295,1
DA:296,3
DA:302,6
DA:303,6
DA:304,3
DA:305,3
DA:306,3
DA:307,6
DA:313,3
DA:314,3
DA:315,3
DA:316,3
DA:317,6
DA:318,3
DA:319,3
DA:320,3
DA:593,5
DA:594,5
DA:595,5
DA:597,0
DA:599,5
DA:602,4
DA:603,4
DA:604,4
DA:607,1
DA:608,1
DA:609,1
DA:612,0
DA:613,0
DA:614,0
DA:615,0
DA:618,0
DA:619,0
DA:620,0
DA:621,0
DA:622,0
DA:629,1
DA:637,1
DA:638,3
DA:639,6
DA:640,6
DA:641,6
DA:647,1
DA:648,6
DA:649,6
DA:650,6
DA:651,6
DA:655,1
DA:658,1
DA:661,1
DA:662,1
DA:663,1
DA:664,1
DA:665,1
DA:666,1
DA:668,1
DA:669,1
DA:672,1
DA:675,1
DA:676,0
DA:678,1
DA:679,1
DA:682,1
DA:685,1
DA:687,1
DA:688,1
DA:689,1
DA:690,1
DA:691,1
DA:692,1
DA:696,1
DA:700,1
DA:701,1
DA:704,1
DA:707,1
DA:708,1
DA:709,1
DA:711,1
DA:712,1
DA:715,1
DA:718,1
DA:719,1
DA:720,1
DA:722,1
DA:723,1
DA:724,1
DA:725,1
DA:728,1
DA:729,1
DA:730,1
DA:731,1
DA:733,1
DA:734,1
DA:735,1
DA:739,1
DA:740,1
DA:741,1
DA:744,1
DA:745,1
DA:746,1
DA:747,1
DA:748,1
DA:749,1
DA:751,1
DA:752,1
DA:753,1
DA:754,1
DA:755,1
DA:756,1
DA:757,1
DA:758,1
DA:762,1
DA:763,1
DA:764,1
DA:765,1
DA:766,1
DA:769,1
DA:772,1
DA:775,1
DA:776,1
DA:777,1
DA:779,1
DA:780,1
DA:784,1
DA:788,1
DA:789,1
DA:790,1
DA:791,1
DA:793,1
DA:794,0
DA:796,1
DA:799,1
DA:808,1
DA:812,1
DA:813,1
DA:814,1
DA:815,1
BRF:0
BRH:0
LF:240
LH:216
end_of_record
SF:/Users/darrenbryant/just-vibes/slugtale/src-tauri/src/asr.rs
FN:761,_RNvMNtNtCsebJ5IxXa3fs_12slugtale_lib3asr5testsNtB2_14FakeAsrRuntime3new
FN:821,_RNvNtNtCsebJ5IxXa3fs_12slugtale_lib3asr5tests15unique_test_dir
FN:814,_RNvNtNtCsebJ5IxXa3fs_12slugtale_lib3asr5testss_41negative_whisper_timestamps_clamp_to_zero
FN:777,_RNvNtNtCsebJ5IxXa3fs_12slugtale_lib3asr5testss_49whisper_segments_preserve_ordered_text_and_timing
FN:618,_RNvNtNtCsebJ5IxXa3fs_12slugtale_lib3asr5testss_50whisper_threads_never_exceed_available_parallelism
FN:587,_RNvNtNtCsebJ5IxXa3fs_12slugtale_lib3asr5testss_55speed_profiles_map_to_progressively_wider_decode_search
FN:606,_RNvNtNtCsebJ5IxXa3fs_12slugtale_lib3asr5testss_55whisper_threads_prefer_physical_cores_over_smt_siblings
FN:649,_RNvNtNtCsebJ5IxXa3fs_12slugtale_lib3asr5testss_56runtime_defaults_to_balanced_profile_and_accepts_updates
FN:659,_RNvNtNtCsebJ5IxXa3fs_12slugtale_lib3asr5testss_56whisper_runtime_cache_reuses_runtime_for_same_model_path
FN:636,_RNvNtNtCsebJ5IxXa3fs_12slugtale_lib3asr5testss_58decode_settings_use_selected_profile_and_available_threads
FN:740,_RNvNtNtCsebJ5IxXa3fs_12slugtale_lib3asr5testss_61fast_profile_decode_settings_prioritize_low_latency_dictation
FN:670,_RNvNtNtCsebJ5IxXa3fs_12slugtale_lib3asr5testss_62whisper_runtime_cache_rebuilds_runtime_when_model_path_changes
FN:801,_RNvNtNtCsebJ5IxXa3fs_12slugtale_lib3asr5testss_63flattening_whisper_segments_matches_the_previous_immediate_join
FN:575,_RNvNtNtCsebJ5IxXa3fs_12slugtale_lib3asr5testss_64local_whisper_runtime_reports_missing_model_before_transcription
FN:557,_RNvNtNtCsebJ5IxXa3fs_12slugtale_lib3asr5testss_64transcribe_captured_audio_rejects_non_16khz_audio_before_runtime
FN:684,_RNvNtNtCsebJ5IxXa3fs_12slugtale_lib3asr5testss_66whisper_runtime_cache_release_drops_the_runtime_but_stays_reusable
FN:547,_RNvNtNtCsebJ5IxXa3fs_12slugtale_lib3asr5testss_70transcribe_captured_audio_returns_final_transcription_from_asr_runtime
FN:628,_RNvNtNtCsebJ5IxXa3fs_12slugtale_lib3asr5testss_72whisper_threads_fall_back_to_available_parallelism_when_physical_unknown
FN:702,_RNvNtNtCsebJ5IxXa3fs_12slugtale_lib3asr5testss_73whisper_runtime_cache_release_after_shutdown_does_not_resurrect_the_cache
FN:770,_RNvXs_NtNtCsebJ5IxXa3fs_12slugtale_lib3asr5testsNtB4_14FakeAsrRuntimeNtB6_10AsrRuntime10transcribe
FN:43,_RNvMNtCsebJ5IxXa3fs_12slugtale_lib3asrNtB2_18FinalTranscription13from_segments
FN:204,_RNvMs1_NtCsebJ5IxXa3fs_12slugtale_lib3asrNtB5_19LocalWhisperRuntime10model_path
FN:219,_RNvMs1_NtCsebJ5IxXa3fs_12slugtale_lib3asrNtB5_19LocalWhisperRuntime13speed_profile
FN:211,_RNvMs1_NtCsebJ5IxXa3fs_12slugtale_lib3asrNtB5_19LocalWhisperRuntime17set_speed_profile
FN:193,_RNvMs1_NtCsebJ5IxXa3fs_12slugtale_lib3asrNtB5_19LocalWhisperRuntime3new
FN:240,_RNvMs2_NtCsebJ5IxXa3fs_12slugtale_lib3asrNtB5_19WhisperRuntimeCache11runtime_for
FN:283,_RNvMs2_NtCsebJ5IxXa3fs_12slugtale_lib3asrNtB5_19WhisperRuntimeCache18runtime_for_locked
FN:257,_RNvMs2_NtCsebJ5IxXa3fs_12slugtale_lib3asrNtB5_19WhisperRuntimeCache7release
FN:272,_RNvMs2_NtCsebJ5IxXa3fs_12slugtale_lib3asrNtB5_19WhisperRuntimeCache8shutdown
FN:435,_RNvMs3_NtCsebJ5IxXa3fs_12slugtale_lib3asrNtB5_19LocalWhisperRuntime7warm_up
FN:445,_RNvMs3_NtCsebJ5IxXa3fs_12slugtale_lib3asrNtB5_19LocalWhisperRuntime8shutdown
FN:481,_RNvMs5_NtCsebJ5IxXa3fs_12slugtale_lib3asrNtB5_28WhisperTranscriptionProvider3new
FN:148,_RNvNtCsebJ5IxXa3fs_12slugtale_lib3asr20whisper_thread_count
FN:163,_RNvNtCsebJ5IxXa3fs_12slugtale_lib3asr25transcribe_captured_audio
FN:122,_RNvNtCsebJ5IxXa3fs_12slugtale_lib3asr33decode_strategy_for_speed_profile
FN:462,_RNvNtCsebJ5IxXa3fs_12slugtale_lib3asr36local_whisper_runtime_disabled_error
FN:153,_RNvNtCsebJ5IxXa3fs_12slugtale_lib3asr45whisper_decode_settings_for_available_threads
FN:450,_RNvXs4_NtCsebJ5IxXa3fs_12slugtale_lib3asrNtB5_19LocalWhisperRuntimeNtB5_10AsrRuntime10transcribe
FN:527,_RNvXs6_NtCsebJ5IxXa3fs_12slugtale_lib3asrNtB5_28WhisperTranscriptionProviderNtNtB7_20transcription_engine21TranscriptionProvider10transcribe
FN:507,_RNvXs6_NtCsebJ5IxXa3fs_12slugtale_lib3asrNtB5_28WhisperTranscriptionProviderNtNtB7_20transcription_engine21TranscriptionProvider12availability
FN:487,_RNvXs6_NtCsebJ5IxXa3fs_12slugtale_lib3asrNtB5_28WhisperTranscriptionProviderNtNtB7_20transcription_engine21TranscriptionProvider6engine
FN:523,_RNvXs6_NtCsebJ5IxXa3fs_12slugtale_lib3asrNtB5_28WhisperTranscriptionProviderNtNtB7_20transcription_engine21TranscriptionProvider7warm_up
FN:491,_RNvXs6_NtCsebJ5IxXa3fs_12slugtale_lib3asrNtB5_28WhisperTranscriptionProviderNtNtB7_20transcription_engine21TranscriptionProvider8metadata
FN:78,_RNvXs_NtCsebJ5IxXa3fs_12slugtale_lib3asrNtB4_8AsrErrorNtNtCs6sq8b9ugfBC_4core3fmt7Display3fmt
FN:32,_RINvMNtCsebJ5IxXa3fs_12slugtale_lib3asrNtB3_18FinalTranscription5plainNtNtCs8dnTdrJsiec_5alloc6string6StringEB5_
FN:32,_RINvMNtCsebJ5IxXa3fs_12slugtale_lib3asrNtB3_18FinalTranscription5plainReEB5_
FN:418,_RINvNtCsebJ5IxXa3fs_12slugtale_lib3asr32transcript_from_whisper_segmentsINtNtCs8dnTdrJsiec_5alloc3vec3VecTNtNtB1d_6string6StringxxEEEB4_
FN:425,_RNCINvNtCsebJ5IxXa3fs_12slugtale_lib3asr32transcript_from_whisper_segmentsINtNtCs8dnTdrJsiec_5alloc3vec3VecTNtNtB1f_6string6StringxxEEE0B6_
FN:46,_RNCNvMNtCsebJ5IxXa3fs_12slugtale_lib3asrNtB4_18FinalTranscription13from_segments0B6_
FNDA:2,_RNvMNtNtCsebJ5IxXa3fs_12slugtale_lib3asr5testsNtB2_14FakeAsrRuntime3new
FNDA:6,_RNvNtNtCsebJ5IxXa3fs_12slugtale_lib3asr5tests15unique_test_dir
FNDA:1,_RNvNtNtCsebJ5IxXa3fs_12slugtale_lib3asr5testss_41negative_whisper_timestamps_clamp_to_zero
FNDA:1,_RNvNtNtCsebJ5IxXa3fs_12slugtale_lib3asr5testss_49whisper_segments_preserve_ordered_text_and_timing
FNDA:1,_RNvNtNtCsebJ5IxXa3fs_12slugtale_lib3asr5testss_50whisper_threads_never_exceed_available_parallelism
FNDA:1,_RNvNtNtCsebJ5IxXa3fs_12slugtale_lib3asr5testss_55speed_profiles_map_to_progressively_wider_decode_search
FNDA:1,_RNvNtNtCsebJ5IxXa3fs_12slugtale_lib3asr5testss_55whisper_threads_prefer_physical_cores_over_smt_siblings
FNDA:1,_RNvNtNtCsebJ5IxXa3fs_12slugtale_lib3asr5testss_56runtime_defaults_to_balanced_profile_and_accepts_updates
FNDA:1,_RNvNtNtCsebJ5IxXa3fs_12slugtale_lib3asr5testss_56whisper_runtime_cache_reuses_runtime_for_same_model_path
FNDA:1,_RNvNtNtCsebJ5IxXa3fs_12slugtale_lib3asr5testss_58decode_settings_use_selected_profile_and_available_threads
FNDA:1,_RNvNtNtCsebJ5IxXa3fs_12slugtale_lib3asr5testss_61fast_profile_decode_settings_prioritize_low_latency_dictation
FNDA:1,_RNvNtNtCsebJ5IxXa3fs_12slugtale_lib3asr5testss_62whisper_runtime_cache_rebuilds_runtime_when_model_path_changes
FNDA:1,_RNvNtNtCsebJ5IxXa3fs_12slugtale_lib3asr5testss_63flattening_whisper_segments_matches_the_previous_immediate_join
FNDA:1,_RNvNtNtCsebJ5IxXa3fs_12slugtale_lib3asr5testss_64local_whisper_runtime_reports_missing_model_before_transcription
FNDA:1,_RNvNtNtCsebJ5IxXa3fs_12slugtale_lib3asr5testss_64transcribe_captured_audio_rejects_non_16khz_audio_before_runtime
FNDA:1,_RNvNtNtCsebJ5IxXa3fs_12slugtale_lib3asr5testss_66whisper_runtime_cache_release_drops_the_runtime_but_stays_reusable
FNDA:1,_RNvNtNtCsebJ5IxXa3fs_12slugtale_lib3asr5testss_70transcribe_captured_audio_returns_final_transcription_from_asr_runtime
FNDA:1,_RNvNtNtCsebJ5IxXa3fs_12slugtale_lib3asr5testss_72whisper_threads_fall_back_to_available_parallelism_when_physical_unknown
FNDA:1,_RNvNtNtCsebJ5IxXa3fs_12slugtale_lib3asr5testss_73whisper_runtime_cache_release_after_shutdown_does_not_resurrect_the_cache
FNDA:1,_RNvXs_NtNtCsebJ5IxXa3fs_12slugtale_lib3asr5testsNtB4_14FakeAsrRuntimeNtB6_10AsrRuntime10transcribe
FNDA:6,_RNvMNtCsebJ5IxXa3fs_12slugtale_lib3asrNtB2_18FinalTranscription13from_segments
FNDA:4,_RNvMs1_NtCsebJ5IxXa3fs_12slugtale_lib3asrNtB5_19LocalWhisperRuntime10model_path
FNDA:2,_RNvMs1_NtCsebJ5IxXa3fs_12slugtale_lib3asrNtB5_19LocalWhisperRuntime13speed_profile
FNDA:4,_RNvMs1_NtCsebJ5IxXa3fs_12slugtale_lib3asrNtB5_19LocalWhisperRuntime17set_speed_profile
FNDA:10,_RNvMs1_NtCsebJ5IxXa3fs_12slugtale_lib3asrNtB5_19LocalWhisperRuntime3new
FNDA:10,_RNvMs2_NtCsebJ5IxXa3fs_12slugtale_lib3asrNtB5_19WhisperRuntimeCache11runtime_for
FNDA:10,_RNvMs2_NtCsebJ5IxXa3fs_12slugtale_lib3asrNtB5_19WhisperRuntimeCache18runtime_for_locked
FNDA:3,_RNvMs2_NtCsebJ5IxXa3fs_12slugtale_lib3asrNtB5_19WhisperRuntimeCache7release
FNDA:1,_RNvMs2_NtCsebJ5IxXa3fs_12slugtale_lib3asrNtB5_19WhisperRuntimeCache8shutdown
FNDA:1,_RNvMs3_NtCsebJ5IxXa3fs_12slugtale_lib3asrNtB5_19LocalWhisperRuntime7warm_up
FNDA:1,_RNvMs3_NtCsebJ5IxXa3fs_12slugtale_lib3asrNtB5_19LocalWhisperRuntime8shutdown
FNDA:0,_RNvMs5_NtCsebJ5IxXa3fs_12slugtale_lib3asrNtB5_28WhisperTranscriptionProvider3new
FNDA:3,_RNvNtCsebJ5IxXa3fs_12slugtale_lib3asr20whisper_thread_count
FNDA:8,_RNvNtCsebJ5IxXa3fs_12slugtale_lib3asr25transcribe_captured_audio
FNDA:5,_RNvNtCsebJ5IxXa3fs_12slugtale_lib3asr33decode_strategy_for_speed_profile
FNDA:1,_RNvNtCsebJ5IxXa3fs_12slugtale_lib3asr36local_whisper_runtime_disabled_error
FNDA:2,_RNvNtCsebJ5IxXa3fs_12slugtale_lib3asr45whisper_decode_settings_for_available_threads
FNDA:1,_RNvXs4_NtCsebJ5IxXa3fs_12slugtale_lib3asrNtB5_19LocalWhisperRuntimeNtB5_10AsrRuntime10transcribe
FNDA:0,_RNvXs6_NtCsebJ5IxXa3fs_12slugtale_lib3asrNtB5_28WhisperTranscriptionProviderNtNtB7_20transcription_engine21TranscriptionProvider10transcribe
FNDA:0,_RNvXs6_NtCsebJ5IxXa3fs_12slugtale_lib3asrNtB5_28WhisperTranscriptionProviderNtNtB7_20transcription_engine21TranscriptionProvider12availability
FNDA:0,_RNvXs6_NtCsebJ5IxXa3fs_12slugtale_lib3asrNtB5_28WhisperTranscriptionProviderNtNtB7_20transcription_engine21TranscriptionProvider6engine
FNDA:0,_RNvXs6_NtCsebJ5IxXa3fs_12slugtale_lib3asrNtB5_28WhisperTranscriptionProviderNtNtB7_20transcription_engine21TranscriptionProvider7warm_up
FNDA:0,_RNvXs6_NtCsebJ5IxXa3fs_12slugtale_lib3asrNtB5_28WhisperTranscriptionProviderNtNtB7_20transcription_engine21TranscriptionProvider8metadata
FNDA:2,_RNvXs_NtCsebJ5IxXa3fs_12slugtale_lib3asrNtB4_8AsrErrorNtNtCs6sq8b9ugfBC_4core3fmt7Display3fmt
FNDA:39,_RINvMNtCsebJ5IxXa3fs_12slugtale_lib3asrNtB3_18FinalTranscription5plainNtNtCs8dnTdrJsiec_5alloc6string6StringEB5_
FNDA:21,_RINvMNtCsebJ5IxXa3fs_12slugtale_lib3asrNtB3_18FinalTranscription5plainReEB5_
FNDA:3,_RINvNtCsebJ5IxXa3fs_12slugtale_lib3asr32transcript_from_whisper_segmentsINtNtCs8dnTdrJsiec_5alloc3vec3VecTNtNtB1d_6string6StringxxEEEB4_
FNDA:5,_RNCINvNtCsebJ5IxXa3fs_12slugtale_lib3asr32transcript_from_whisper_segmentsINtNtCs8dnTdrJsiec_5alloc3vec3VecTNtNtB1f_6string6StringxxEEE0B6_
FNDA:10,_RNCNvMNtCsebJ5IxXa3fs_12slugtale_lib3asrNtB4_18FinalTranscription13from_segments0B6_
FNF:48
FNH:42
DA:32,60
DA:33,60
DA:34,60
DA:35,60
DA:36,60
DA:37,60
DA:43,6
DA:44,6
DA:45,6
DA:46,10
DA:47,6
DA:48,6
DA:49,6
DA:50,6
DA:51,6
DA:78,2
DA:79,2
DA:80,1
DA:81,1
DA:83,0
DA:84,1
DA:85,0
DA:86,0
DA:88,0
DA:90,2
DA:122,5
DA:123,5
DA:124,2
DA:125,1
DA:126,2
DA:128,5
DA:148,3
DA:149,3
DA:150,3
DA:153,2
DA:154,2
DA:155,2
DA:156,2
DA:157,2
DA:158,2
DA:159,2
DA:160,2
DA:161,2
DA:163,8
DA:164,8
DA:165,8
DA:166,8
DA:167,8
DA:168,1
DA:169,1
DA:170,1
DA:171,7
DA:173,7
DA:174,8
DA:193,10
DA:194,10
DA:195,10
DA:196,10
DA:197,10
DA:198,10
DA:199,10
DA:200,10
DA:201,10
DA:202,10
DA:204,4
DA:205,4
DA:206,4
DA:211,4
DA:212,4
DA:213,4
DA:214,0
DA:216,4
DA:219,2
DA:220,2
DA:221,2
DA:222,0
DA:224,2
DA:240,10
DA:241,10
DA:242,10
DA:243,10
DA:244,1
DA:245,1
DA:246,1
DA:247,1
DA:248,9
DA:249,10
DA:250,10
DA:257,3
DA:258,3
DA:259,3
DA:260,0
DA:262,3
DA:263,1
DA:264,2
DA:265,2
DA:266,3
DA:272,1
DA:273,1
DA:274,1
DA:275,0
DA:277,1
DA:278,1
DA:279,0
DA:280,1
DA:281,1
DA:283,10
DA:284,10
DA:285,10
DA:286,10
DA:287,10
DA:288,3
DA:289,2
DA:290,1
DA:291,7
DA:293,8
DA:294,8
DA:295,8
DA:296,10
DA:418,3
DA:419,3
DA:420,3
DA:421,3
DA:422,3
DA:423,3
DA:424,3
DA:425,5
DA:426,5
DA:427,5
DA:428,5
DA:429,3
DA:431,3
DA:435,1
DA:436,1
DA:437,0
DA:438,0
DA:439,0
DA:440,1
DA:442,1
DA:443,1
DA:445,1
DA:450,1
DA:451,1
DA:452,1
DA:453,1
DA:454,1
DA:455,0
DA:457,0
DA:458,1
DA:462,1
DA:463,1
DA:464,1
DA:465,1
DA:466,1
DA:481,0
DA:482,0
DA:483,0
DA:487,0
DA:488,0
DA:489,0
DA:491,0
DA:492,0
DA:493,0
DA:494,0
DA:495,0
DA:496,0
DA:497,0
DA:498,0
DA:499,0
DA:500,0
DA:501,0
DA:502,0
DA:503,0
DA:504,0
DA:505,0
DA:507,0
DA:508,0
DA:509,0
DA:510,0
DA:511,0
DA:512,0
DA:513,0
DA:514,0
DA:515,0
DA:516,0
DA:517,0
DA:518,0
DA:519,0
DA:520,0
DA:521,0
DA:523,0
DA:524,0
DA:525,0
DA:527,0
DA:528,0
DA:532,0
DA:533,0
DA:534,0
DA:535,0
DA:536,0
DA:537,0
DA:538,0
DA:547,1
DA:548,1
DA:549,1
DA:551,1
DA:553,1
DA:554,1
DA:555,1
DA:557,1
DA:558,1
DA:559,1
DA:560,1
DA:561,1
DA:562,1
DA:564,1
DA:566,1
DA:568,1
DA:569,1
DA:570,1
DA:572,1
DA:573,1
DA:575,1
DA:576,1
DA:577,1
DA:579,1
DA:580,1
DA:581,1
DA:583,1
DA:584,1
DA:587,1
DA:591,1
DA:592,1
DA:595,1
DA:596,1
DA:599,1
DA:600,1
DA:603,1
DA:606,1
DA:611,1
DA:612,1
DA:613,1
DA:615,1
DA:618,1
DA:621,1
DA:622,1
DA:623,1
DA:625,1
DA:628,1
DA:629,1
DA:630,1
DA:631,1
DA:633,1
DA:636,1
DA:637,1
DA:638,1
DA:639,1
DA:641,1
DA:645,1
DA:646,1
DA:649,1
DA:650,1
DA:651,1
DA:652,1
DA:654,1
DA:655,1
DA:656,1
DA:659,1
DA:660,1
DA:661,1
DA:663,1
DA:664,1
DA:666,1
DA:667,1
DA:670,1
DA:671,1
DA:672,1
DA:673,1
DA:674,1
DA:676,1
DA:677,1
DA:679,1
DA:680,1
DA:681,1
DA:684,1
DA:685,1
DA:686,1
DA:687,1
DA:688,1
DA:689,1
DA:691,1
DA:692,1
DA:694,1
DA:696,1
DA:698,1
DA:699,1
DA:702,1
DA:703,1
DA:704,1
DA:705,1
DA:706,1
DA:707,1
DA:709,1
DA:710,1
DA:711,1
DA:715,1
DA:716,1
DA:717,1
DA:740,1
DA:741,1
DA:742,1
DA:743,1
DA:746,1
DA:753,1
DA:761,2
DA:762,2
DA:763,2
DA:764,2
DA:765,2
DA:766,2
DA:770,1
DA:771,1
DA:772,1
DA:773,1
DA:777,1
DA:778,1
DA:779,1
DA:780,1
DA:783,1
DA:785,1
DA:786,1
DA:787,1
DA:788,1
DA:789,1
DA:790,1
DA:791,1
DA:792,1
DA:793,1
DA:794,1
DA:795,1
DA:798,1
DA:801,1
DA:805,1
DA:806,1
DA:807,1
DA:810,1
DA:811,1
DA:814,1
DA:815,1
DA:817,1
DA:818,1
DA:819,1
DA:821,6
DA:822,6
DA:823,6
DA:824,6
DA:825,6
DA:826,6
DA:827,6
DA:828,6
DA:829,6
DA:830,6
BRF:0
BRH:0
LF:363
LH:301
end_of_record
SF:/Users/darrenbryant/just-vibes/slugtale/src-tauri/src/audio_capture.rs
FN:164,_RINvMs_NtCsebJ5IxXa3fs_12slugtale_lib13audio_captureNtB5_17AudioCaptureError3newReEB7_
FN:325,_RNCNvMs3_NtCsebJ5IxXa3fs_12slugtale_lib13audio_captureNtB7_21RealtimeCaptureBuffer13with_capacity0B9_
FN:117,_RNCNvNtCsebJ5IxXa3fs_12slugtale_lib13audio_capture24audio_level_from_samples0B5_
FN:134,_RNCNvNtCsebJ5IxXa3fs_12slugtale_lib13audio_capture34require_captured_microphone_signal0B5_
FN:930,_RNvMs6_NtCsebJ5IxXa3fs_12slugtale_lib13audio_captureINtB5_19AudioCaptureSessionNtNtB5_5tests17FakeAudioRecorderE12recorder_mutB7_
FN:857,_RNvMs6_NtCsebJ5IxXa3fs_12slugtale_lib13audio_captureINtB5_19AudioCaptureSessionNtNtB5_5tests17FakeAudioRecorderE13flush_segmentB7_
FN:845,_RNvMs6_NtCsebJ5IxXa3fs_12slugtale_lib13audio_captureINtB5_19AudioCaptureSessionNtNtB5_5tests17FakeAudioRecorderE3newB7_
FN:891,_RNvMs6_NtCsebJ5IxXa3fs_12slugtale_lib13audio_captureINtB5_19AudioCaptureSessionNtNtB5_5tests17FakeAudioRecorderE8on_eventB7_
FN:926,_RNvMs6_NtCsebJ5IxXa3fs_12slugtale_lib13audio_captureINtB5_19AudioCaptureSessionNtNtB5_5tests17FakeAudioRecorderE8recorderB7_
FN:968,_RNvMs7_NtCsebJ5IxXa3fs_12slugtale_lib13audio_captureINtB5_22VoiceActivationCaptureNtNtB5_5tests18GenerationRecorderE12take_segmentB7_
FN:948,_RNvMs7_NtCsebJ5IxXa3fs_12slugtale_lib13audio_captureINtB5_22VoiceActivationCaptureNtNtB5_5tests18GenerationRecorderE3newB7_
FN:979,_RNvMs7_NtCsebJ5IxXa3fs_12slugtale_lib13audio_captureINtB5_22VoiceActivationCaptureNtNtB5_5tests18GenerationRecorderE5closeB7_
FN:959,_RNvMs7_NtCsebJ5IxXa3fs_12slugtale_lib13audio_captureINtB5_22VoiceActivationCaptureNtNtB5_5tests18GenerationRecorderE5startB7_
FN:955,_RNvMs7_NtCsebJ5IxXa3fs_12slugtale_lib13audio_captureINtB5_22VoiceActivationCaptureNtNtB5_5tests18GenerationRecorderE7is_openB7_
FN:974,_RNvMs7_NtCsebJ5IxXa3fs_12slugtale_lib13audio_captureINtB5_22VoiceActivationCaptureNtNtB5_5tests18GenerationRecorderE7rebuildB7_
FN:11,_RNvMNtCsebJ5IxXa3fs_12slugtale_lib13audio_captureNtB2_13CapturedAudio10mono_16khz
FN:355,_RNvMs3_NtCsebJ5IxXa3fs_12slugtale_lib13audio_captureNtB5_21RealtimeCaptureBuffer10mark_voice
FN:417,_RNvMs3_NtCsebJ5IxXa3fs_12slugtale_lib13audio_captureNtB5_21RealtimeCaptureBuffer10read_range
FN:336,_RNvMs3_NtCsebJ5IxXa3fs_12slugtale_lib13audio_captureNtB5_21RealtimeCaptureBuffer11push_sample
FN:396,_RNvMs3_NtCsebJ5IxXa3fs_12slugtale_lib13audio_captureNtB5_21RealtimeCaptureBuffer13drain_through
FN:321,_RNvMs3_NtCsebJ5IxXa3fs_12slugtale_lib13audio_captureNtB5_21RealtimeCaptureBuffer13with_capacity
FN:366,_RNvMs3_NtCsebJ5IxXa3fs_12slugtale_lib13audio_captureNtB5_21RealtimeCaptureBuffer15voice_watermark
FN:372,_RNvMs3_NtCsebJ5IxXa3fs_12slugtale_lib13audio_captureNtB5_21RealtimeCaptureBuffer5drain
FN:78,_RNvNtCsebJ5IxXa3fs_12slugtale_lib13audio_capture14window_average
FN:150,_RNvNtCsebJ5IxXa3fs_12slugtale_lib13audio_capture20voice_level_from_rms
FN:110,_RNvNtCsebJ5IxXa3fs_12slugtale_lib13audio_capture24audio_level_from_samples
FN:125,_RNvNtCsebJ5IxXa3fs_12slugtale_lib13audio_capture34require_captured_microphone_signal
FN:19,_RNvNtCsebJ5IxXa3fs_12slugtale_lib13audio_capture37captured_audio_from_interleaved_input
FN:172,_RNvXs0_NtCsebJ5IxXa3fs_12slugtale_lib13audio_captureNtB5_17AudioCaptureErrorNtNtCs6sq8b9ugfBC_4core3fmt7Display3fmt
FN:495,_RINvMs4_NtCsebJ5IxXa3fs_12slugtale_lib13audio_captureNtB6_17CpalAudioRecorder12build_streampEB8_
FN:519,_RNCINvMs4_NtCsebJ5IxXa3fs_12slugtale_lib13audio_captureNtB8_17CpalAudioRecorder12build_streampE0Ba_
FN:553,_RNCINvMs4_NtCsebJ5IxXa3fs_12slugtale_lib13audio_captureNtB8_17CpalAudioRecorder12build_streampEs0_0Ba_
FN:548,_RNCINvMs4_NtCsebJ5IxXa3fs_12slugtale_lib13audio_captureNtB8_17CpalAudioRecorder12build_streampEs_0Ba_
FN:624,_RNCNCNvXs5_NtCsebJ5IxXa3fs_12slugtale_lib13audio_captureNtB9_17CpalAudioRecorderNtB9_13AudioRecorder7prepare00Bb_
FN:627,_RNCNCNvXs5_NtCsebJ5IxXa3fs_12slugtale_lib13audio_captureNtB9_17CpalAudioRecorderNtB9_13AudioRecorder7prepare0s_0Bb_
FN:255,_RNCNvMs2_NtCsebJ5IxXa3fs_12slugtale_lib13audio_captureNtB7_12LevelEmitter5spawn0B9_
FN:313,_RNCNvMs3_NtCsebJ5IxXa3fs_12slugtale_lib13audio_captureNtB7_21RealtimeCaptureBuffer15for_sample_rate0B9_
FN:314,_RNCNvMs3_NtCsebJ5IxXa3fs_12slugtale_lib13audio_captureNtB7_21RealtimeCaptureBuffer15for_sample_rates_0B9_
FN:801,_RNCNvXs5_NtCsebJ5IxXa3fs_12slugtale_lib13audio_captureNtB7_17CpalAudioRecorderNtB7_13AudioRecorder12take_segment0B9_
FN:821,_RNCNvXs5_NtCsebJ5IxXa3fs_12slugtale_lib13audio_captureNtB7_17CpalAudioRecorderNtB7_13AudioRecorder15voice_watermark0B9_
FN:811,_RNCNvXs5_NtCsebJ5IxXa3fs_12slugtale_lib13audio_captureNtB7_17CpalAudioRecorderNtB7_13AudioRecorder20take_segment_through0B9_
FN:771,_RNCNvXs5_NtCsebJ5IxXa3fs_12slugtale_lib13audio_captureNtB7_17CpalAudioRecorderNtB7_13AudioRecorder4stop0B9_
FN:680,_RNCNvXs5_NtCsebJ5IxXa3fs_12slugtale_lib13audio_captureNtB7_17CpalAudioRecorderNtB7_13AudioRecorder5start0B9_
FN:747,_RNCNvXs5_NtCsebJ5IxXa3fs_12slugtale_lib13audio_captureNtB7_17CpalAudioRecorderNtB7_13AudioRecorder5starts0_0B9_
FN:683,_RNCNvXs5_NtCsebJ5IxXa3fs_12slugtale_lib13audio_captureNtB7_17CpalAudioRecorderNtB7_13AudioRecorder5starts_0B9_
FN:620,_RNCNvXs5_NtCsebJ5IxXa3fs_12slugtale_lib13audio_captureNtB7_17CpalAudioRecorderNtB7_13AudioRecorder7prepare0B9_
FN:1515,_RNCNvXs_NtNtCsebJ5IxXa3fs_12slugtale_lib13audio_capture5testsNtB6_17FakeAudioRecorderNtB8_13AudioRecorder20take_segment_through0Ba_
FN:266,_RNvMs2_NtCsebJ5IxXa3fs_12slugtale_lib13audio_captureNtB5_12LevelEmitter4stop
FN:245,_RNvMs2_NtCsebJ5IxXa3fs_12slugtale_lib13audio_captureNtB5_12LevelEmitter5spawn
FN:310,_RNvMs3_NtCsebJ5IxXa3fs_12slugtale_lib13audio_captureNtB5_21RealtimeCaptureBuffer15for_sample_rate
FN:435,_RNvMs3_NtCsebJ5IxXa3fs_12slugtale_lib13audio_captureNtB5_21RealtimeCaptureBuffer5clear
FN:491,_RNvMs4_NtCsebJ5IxXa3fs_12slugtale_lib13audio_captureNtB5_17CpalAudioRecorder18set_level_callback
FN:598,_RNvMs4_NtCsebJ5IxXa3fs_12slugtale_lib13audio_captureNtB5_17CpalAudioRecorder18stop_level_emitter
FN:579,_RNvMs4_NtCsebJ5IxXa3fs_12slugtale_lib13audio_captureNtB5_17CpalAudioRecorder19pause_active_stream
FN:558,_RNvMs4_NtCsebJ5IxXa3fs_12slugtale_lib13audio_captureNtB5_17CpalAudioRecorder23build_stream_for_format
FN:487,_RNvMs4_NtCsebJ5IxXa3fs_12slugtale_lib13audio_captureNtB5_17CpalAudioRecorder3new
FN:874,_RNvMs6_NtCsebJ5IxXa3fs_12slugtale_lib13audio_captureINtB5_19AudioCaptureSessionpE21flush_segment_throughB7_
FN:1560,_RNvXs1_NtNtCsebJ5IxXa3fs_12slugtale_lib13audio_capture5testsNtB5_18GenerationRecorderNtB7_13AudioRecorder20take_segment_through
FN:1547,_RNvXs1_NtNtCsebJ5IxXa3fs_12slugtale_lib13audio_capture5testsNtB5_18GenerationRecorderNtB7_13AudioRecorder4stop
FN:1538,_RNvXs1_NtNtCsebJ5IxXa3fs_12slugtale_lib13audio_capture5testsNtB5_18GenerationRecorderNtB7_13AudioRecorder7prepare
FN:786,_RNvXs5_NtCsebJ5IxXa3fs_12slugtale_lib13audio_captureNtB5_17CpalAudioRecorderNtB5_13AudioRecorder12take_segment
FN:818,_RNvXs5_NtCsebJ5IxXa3fs_12slugtale_lib13audio_captureNtB5_17CpalAudioRecorderNtB5_13AudioRecorder15voice_watermark
FN:807,_RNvXs5_NtCsebJ5IxXa3fs_12slugtale_lib13audio_captureNtB5_17CpalAudioRecorderNtB5_13AudioRecorder20take_segment_through
FN:765,_RNvXs5_NtCsebJ5IxXa3fs_12slugtale_lib13audio_captureNtB5_17CpalAudioRecorderNtB5_13AudioRecorder4stop
FN:671,_RNvXs5_NtCsebJ5IxXa3fs_12slugtale_lib13audio_captureNtB5_17CpalAudioRecorderNtB5_13AudioRecorder5start
FN:777,_RNvXs5_NtCsebJ5IxXa3fs_12slugtale_lib13audio_captureNtB5_17CpalAudioRecorderNtB5_13AudioRecorder6cancel
FN:612,_RNvXs5_NtCsebJ5IxXa3fs_12slugtale_lib13audio_captureNtB5_17CpalAudioRecorderNtB5_13AudioRecorder7prepare
FN:1518,_RNvXs_NtNtCsebJ5IxXa3fs_12slugtale_lib13audio_capture5testsNtB4_17FakeAudioRecorderNtB6_13AudioRecorder15voice_watermark
FN:1508,_RNvXs_NtNtCsebJ5IxXa3fs_12slugtale_lib13audio_capture5testsNtB4_17FakeAudioRecorderNtB6_13AudioRecorder20take_segment_through
FN:219,_RNvYpNtNtCsebJ5IxXa3fs_12slugtale_lib13audio_capture13AudioRecorder15voice_watermarkB7_
FN:226,_RNvYpNtNtCsebJ5IxXa3fs_12slugtale_lib13audio_capture13AudioRecorder18set_level_callbackB7_
FN:989,_RNvXs8_NtCsebJ5IxXa3fs_12slugtale_lib13audio_captureINtB5_22VoiceActivationCaptureNtNtB5_5tests18GenerationRecorderENtNtNtCs6sq8b9ugfBC_4core3ops4drop4Drop4dropB7_
FN:1410,_RNCNvNtNtCsebJ5IxXa3fs_12slugtale_lib13audio_capture5testss_82cutting_at_the_watermark_keeps_speech_intact_while_dropping_most_of_the_quiet_tail0B7_
FN:1505,_RNCNvXs_NtNtCsebJ5IxXa3fs_12slugtale_lib13audio_capture5testsNtB6_17FakeAudioRecorderNtB8_13AudioRecorder12take_segment0Ba_
FN:1465,_RNvMNtNtCsebJ5IxXa3fs_12slugtale_lib13audio_capture5testsNtB2_17FakeAudioRecorder13prepare_count
FN:1460,_RNvMNtNtCsebJ5IxXa3fs_12slugtale_lib13audio_capture5testsNtB2_17FakeAudioRecorder15failing_prepare
FN:1442,_RNvMNtNtCsebJ5IxXa3fs_12slugtale_lib13audio_capture5testsNtB2_17FakeAudioRecorder3new
FN:1454,_RNvMNtNtCsebJ5IxXa3fs_12slugtale_lib13audio_capture5testsNtB2_17FakeAudioRecorder8flushing
FN:1529,_RNvMs0_NtNtCsebJ5IxXa3fs_12slugtale_lib13audio_capture5testsNtB5_18GenerationRecorder3new
FN:1615,_RNvNtNtCsebJ5IxXa3fs_12slugtale_lib13audio_capture5testss_30zero_channel_input_is_rejected
FN:1609,_RNvNtNtCsebJ5IxXa3fs_12slugtale_lib13audio_capture5testss_34zero_sample_rate_input_is_rejected
FN:1598,_RNvNtNtCsebJ5IxXa3fs_12slugtale_lib13audio_capture5testss_39upsampling_doubles_sub_16khz_mono_input
FN:1149,_RNvNtNtCsebJ5IxXa3fs_12slugtale_lib13audio_capture5testss_41flushing_a_drained_ring_yields_no_segment
FN:1330,_RNvNtNtCsebJ5IxXa3fs_12slugtale_lib13audio_capture5testss_44a_stale_cut_yields_nothing_and_never_rewinds
FN:1160,_RNvNtNtCsebJ5IxXa3fs_12slugtale_lib13audio_capture5testss_46flushing_outside_a_dictation_yields_no_segment
FN:1202,_RNvNtNtCsebJ5IxXa3fs_12slugtale_lib13audio_capture5testss_46preparing_a_recording_recorder_changes_nothing
FN:999,_RNvNtNtCsebJ5IxXa3fs_12slugtale_lib13audio_capture5testss_47input_audio_is_normalized_to_mono_16khz_samples
FN:1248,_RNvNtNtCsebJ5IxXa3fs_12slugtale_lib13audio_capture5testss_50a_new_dictation_restores_the_digital_silence_guard
FN:1049,_RNvNtNtCsebJ5IxXa3fs_12slugtale_lib13audio_capture5testss_50audio_level_reports_clamped_rms_for_voice_feedback
FN:1567,_RNvNtNtCsebJ5IxXa3fs_12slugtale_lib13audio_capture5testss_53a_second_listen_after_dictation_rebuilds_the_recorder
FN:1621,_RNvNtNtCsebJ5IxXa3fs_12slugtale_lib13audio_capture5testss_53voice_activation_capture_reports_open_while_listening
FN:1356,_RNvNtNtCsebJ5IxXa3fs_12slugtale_lib13audio_capture5testss_54multiple_pauses_cut_in_order_and_the_rest_reaches_stop
FN:1187,_RNvNtNtCsebJ5IxXa3fs_12slugtale_lib13audio_capture5testss_56a_failed_prepare_does_not_block_the_next_dictation_start
FN:1220,_RNvNtNtCsebJ5IxXa3fs_12slugtale_lib13audio_capture5testss_56a_prepared_ring_holds_no_samples_before_dictation_starts
FN:1230,_RNvNtNtCsebJ5IxXa3fs_12slugtale_lib13audio_capture5testss_58a_dictation_that_already_flushed_speech_may_end_on_silence
FN:1172,_RNvNtNtCsebJ5IxXa3fs_12slugtale_lib13audio_capture5testss_58preparing_twice_prepares_once_and_start_does_not_reprepare
FN:1586,_RNvNtNtCsebJ5IxXa3fs_12slugtale_lib13audio_capture5testss_59the_listener_keeps_its_recorder_while_it_is_still_listening
FN:1056,_RNvNtNtCsebJ5IxXa3fs_12slugtale_lib13audio_capture5testss_59voice_level_maps_speech_rms_into_a_visibly_responsive_range
FN:1314,_RNvNtNtCsebJ5IxXa3fs_12slugtale_lib13audio_capture5testss_60the_quiet_tail_guard_keeps_a_documented_sliver_after_the_cut
FN:1272,_RNvNtNtCsebJ5IxXa3fs_12slugtale_lib13audio_capture5testss_61audio_capture_session_cancel_discards_without_returning_audio
FN:1025,_RNvNtNtCsebJ5IxXa3fs_12slugtale_lib13audio_capture5testss_61downsampling_attenuates_a_nyquist_tone_instead_of_aliasing_it
FN:1287,_RNvNtNtCsebJ5IxXa3fs_12slugtale_lib13audio_capture5testss_62a_pause_cut_ends_at_the_watermark_even_when_the_worker_is_slow
FN:1117,_RNvNtNtCsebJ5IxXa3fs_12slugtale_lib13audio_capture5testss_63flushing_a_segment_keeps_the_recording_running_for_the_next_one
FN:1348,_RNvNtNtCsebJ5IxXa3fs_12slugtale_lib13audio_capture5testss_65a_cut_ahead_of_production_drains_what_exists_rather_than_blocking
FN:1097,_RNvNtNtCsebJ5IxXa3fs_12slugtale_lib13audio_capture5testss_66audio_capture_session_rejects_digital_silence_before_transcription
FN:1077,_RNvNtNtCsebJ5IxXa3fs_12slugtale_lib13audio_capture5testss_67audio_capture_session_stops_with_captured_samples_for_transcription
FN:1382,_RNvNtNtCsebJ5IxXa3fs_12slugtale_lib13audio_capture5testss_82cutting_at_the_watermark_keeps_speech_intact_while_dropping_most_of_the_quiet_tail
FN:1556,_RNvXs1_NtNtCsebJ5IxXa3fs_12slugtale_lib13audio_capture5testsNtB5_18GenerationRecorderNtB7_13AudioRecorder12take_segment
FN:1542,_RNvXs1_NtNtCsebJ5IxXa3fs_12slugtale_lib13audio_capture5testsNtB5_18GenerationRecorderNtB7_13AudioRecorder5start
FN:1551,_RNvXs1_NtNtCsebJ5IxXa3fs_12slugtale_lib13audio_capture5testsNtB5_18GenerationRecorderNtB7_13AudioRecorder6cancel
FN:1499,_RNvXs_NtNtCsebJ5IxXa3fs_12slugtale_lib13audio_capture5testsNtB4_17FakeAudioRecorderNtB6_13AudioRecorder12take_segment
FN:1488,_RNvXs_NtNtCsebJ5IxXa3fs_12slugtale_lib13audio_capture5testsNtB4_17FakeAudioRecorderNtB6_13AudioRecorder4stop
FN:1482,_RNvXs_NtNtCsebJ5IxXa3fs_12slugtale_lib13audio_capture5testsNtB4_17FakeAudioRecorderNtB6_13AudioRecorder5start
FN:1494,_RNvXs_NtNtCsebJ5IxXa3fs_12slugtale_lib13audio_capture5testsNtB4_17FakeAudioRecorderNtB6_13AudioRecorder6cancel
FN:1471,_RNvXs_NtNtCsebJ5IxXa3fs_12slugtale_lib13audio_capture5testsNtB4_17FakeAudioRecorderNtB6_13AudioRecorder7prepare
FNDA:8,_RINvMs_NtCsebJ5IxXa3fs_12slugtale_lib13audio_captureNtB5_17AudioCaptureError3newReEB7_
FNDA:86144,_RNCNvMs3_NtCsebJ5IxXa3fs_12slugtale_lib13audio_captureNtB7_21RealtimeCaptureBuffer13with_capacity0B9_
FNDA:864009,_RNCNvNtCsebJ5IxXa3fs_12slugtale_lib13audio_capture24audio_level_from_samples0B5_
FNDA:96005,_RNCNvNtCsebJ5IxXa3fs_12slugtale_lib13audio_capture34require_captured_microphone_signal0B5_
FNDA:2,_RNvMs6_NtCsebJ5IxXa3fs_12slugtale_lib13audio_captureINtB5_19AudioCaptureSessionNtNtB5_5tests17FakeAudioRecorderE12recorder_mutB7_
FNDA:6,_RNvMs6_NtCsebJ5IxXa3fs_12slugtale_lib13audio_captureINtB5_19AudioCaptureSessionNtNtB5_5tests17FakeAudioRecorderE13flush_segmentB7_
FNDA:11,_RNvMs6_NtCsebJ5IxXa3fs_12slugtale_lib13audio_captureINtB5_19AudioCaptureSessionNtNtB5_5tests17FakeAudioRecorderE3newB7_
FNDA:20,_RNvMs6_NtCsebJ5IxXa3fs_12slugtale_lib13audio_captureINtB5_19AudioCaptureSessionNtNtB5_5tests17FakeAudioRecorderE8on_eventB7_
FNDA:7,_RNvMs6_NtCsebJ5IxXa3fs_12slugtale_lib13audio_captureINtB5_19AudioCaptureSessionNtNtB5_5tests17FakeAudioRecorderE8recorderB7_
FNDA:1,_RNvMs7_NtCsebJ5IxXa3fs_12slugtale_lib13audio_captureINtB5_22VoiceActivationCaptureNtNtB5_5tests18GenerationRecorderE12take_segmentB7_
FNDA:3,_RNvMs7_NtCsebJ5IxXa3fs_12slugtale_lib13audio_captureINtB5_22VoiceActivationCaptureNtNtB5_5tests18GenerationRecorderE3newB7_
FNDA:4,_RNvMs7_NtCsebJ5IxXa3fs_12slugtale_lib13audio_captureINtB5_22VoiceActivationCaptureNtNtB5_5tests18GenerationRecorderE5closeB7_
FNDA:5,_RNvMs7_NtCsebJ5IxXa3fs_12slugtale_lib13audio_captureINtB5_22VoiceActivationCaptureNtNtB5_5tests18GenerationRecorderE5startB7_
FNDA:3,_RNvMs7_NtCsebJ5IxXa3fs_12slugtale_lib13audio_captureINtB5_22VoiceActivationCaptureNtNtB5_5tests18GenerationRecorderE7is_openB7_
FNDA:1,_RNvMs7_NtCsebJ5IxXa3fs_12slugtale_lib13audio_captureINtB5_22VoiceActivationCaptureNtNtB5_5tests18GenerationRecorderE7rebuildB7_
FNDA:62,_RNvMNtCsebJ5IxXa3fs_12slugtale_lib13audio_captureNtB2_13CapturedAudio10mono_16khz
FNDA:74,_RNvMs3_NtCsebJ5IxXa3fs_12slugtale_lib13audio_captureNtB5_21RealtimeCaptureBuffer10mark_voice
FNDA:11,_RNvMs3_NtCsebJ5IxXa3fs_12slugtale_lib13audio_captureNtB5_21RealtimeCaptureBuffer10read_range
FNDA:80591,_RNvMs3_NtCsebJ5IxXa3fs_12slugtale_lib13audio_captureNtB5_21RealtimeCaptureBuffer11push_sample
FNDA:7,_RNvMs3_NtCsebJ5IxXa3fs_12slugtale_lib13audio_captureNtB5_21RealtimeCaptureBuffer13drain_through
FNDA:7,_RNvMs3_NtCsebJ5IxXa3fs_12slugtale_lib13audio_captureNtB5_21RealtimeCaptureBuffer13with_capacity
FNDA:4,_RNvMs3_NtCsebJ5IxXa3fs_12slugtale_lib13audio_captureNtB5_21RealtimeCaptureBuffer15voice_watermark
FNDA:5,_RNvMs3_NtCsebJ5IxXa3fs_12slugtale_lib13audio_captureNtB5_21RealtimeCaptureBuffer5drain
FNDA:6,_RNvNtCsebJ5IxXa3fs_12slugtale_lib13audio_capture14window_average
FNDA:7,_RNvNtCsebJ5IxXa3fs_12slugtale_lib13audio_capture20voice_level_from_rms
FNDA:626,_RNvNtCsebJ5IxXa3fs_12slugtale_lib13audio_capture24audio_level_from_samples
FNDA:5,_RNvNtCsebJ5IxXa3fs_12slugtale_lib13audio_capture34require_captured_microphone_signal
FNDA:6,_RNvNtCsebJ5IxXa3fs_12slugtale_lib13audio_capture37captured_audio_from_interleaved_input
FNDA:3,_RNvXs0_NtCsebJ5IxXa3fs_12slugtale_lib13audio_captureNtB5_17AudioCaptureErrorNtNtCs6sq8b9ugfBC_4core3fmt7Display3fmt
FNDA:0,_RINvMs4_NtCsebJ5IxXa3fs_12slugtale_lib13audio_captureNtB6_17CpalAudioRecorder12build_streampEB8_
FNDA:0,_RNCINvMs4_NtCsebJ5IxXa3fs_12slugtale_lib13audio_captureNtB8_17CpalAudioRecorder12build_streampE0Ba_
FNDA:0,_RNCINvMs4_NtCsebJ5IxXa3fs_12slugtale_lib13audio_captureNtB8_17CpalAudioRecorder12build_streampEs0_0Ba_
FNDA:0,_RNCINvMs4_NtCsebJ5IxXa3fs_12slugtale_lib13audio_captureNtB8_17CpalAudioRecorder12build_streampEs_0Ba_
FNDA:0,_RNCNCNvXs5_NtCsebJ5IxXa3fs_12slugtale_lib13audio_captureNtB9_17CpalAudioRecorderNtB9_13AudioRecorder7prepare00Bb_
FNDA:0,_RNCNCNvXs5_NtCsebJ5IxXa3fs_12slugtale_lib13audio_captureNtB9_17CpalAudioRecorderNtB9_13AudioRecorder7prepare0s_0Bb_
FNDA:0,_RNCNvMs2_NtCsebJ5IxXa3fs_12slugtale_lib13audio_captureNtB7_12LevelEmitter5spawn0B9_
FNDA:0,_RNCNvMs3_NtCsebJ5IxXa3fs_12slugtale_lib13audio_captureNtB7_21RealtimeCaptureBuffer15for_sample_rate0B9_
FNDA:0,_RNCNvMs3_NtCsebJ5IxXa3fs_12slugtale_lib13audio_captureNtB7_21RealtimeCaptureBuffer15for_sample_rates_0B9_
FNDA:0,_RNCNvXs5_NtCsebJ5IxXa3fs_12slugtale_lib13audio_captureNtB7_17CpalAudioRecorderNtB7_13AudioRecorder12take_segment0B9_
FNDA:0,_RNCNvXs5_NtCsebJ5IxXa3fs_12slugtale_lib13audio_captureNtB7_17CpalAudioRecorderNtB7_13AudioRecorder15voice_watermark0B9_
FNDA:0,_RNCNvXs5_NtCsebJ5IxXa3fs_12slugtale_lib13audio_captureNtB7_17CpalAudioRecorderNtB7_13AudioRecorder20take_segment_through0B9_
FNDA:0,_RNCNvXs5_NtCsebJ5IxXa3fs_12slugtale_lib13audio_captureNtB7_17CpalAudioRecorderNtB7_13AudioRecorder4stop0B9_
FNDA:0,_RNCNvXs5_NtCsebJ5IxXa3fs_12slugtale_lib13audio_captureNtB7_17CpalAudioRecorderNtB7_13AudioRecorder5start0B9_
FNDA:0,_RNCNvXs5_NtCsebJ5IxXa3fs_12slugtale_lib13audio_captureNtB7_17CpalAudioRecorderNtB7_13AudioRecorder5starts0_0B9_
FNDA:0,_RNCNvXs5_NtCsebJ5IxXa3fs_12slugtale_lib13audio_captureNtB7_17CpalAudioRecorderNtB7_13AudioRecorder5starts_0B9_
FNDA:0,_RNCNvXs5_NtCsebJ5IxXa3fs_12slugtale_lib13audio_captureNtB7_17CpalAudioRecorderNtB7_13AudioRecorder7prepare0B9_
FNDA:0,_RNCNvXs_NtNtCsebJ5IxXa3fs_12slugtale_lib13audio_capture5testsNtB6_17FakeAudioRecorderNtB8_13AudioRecorder20take_segment_through0Ba_
FNDA:0,_RNvMs2_NtCsebJ5IxXa3fs_12slugtale_lib13audio_captureNtB5_12LevelEmitter4stop
FNDA:0,_RNvMs2_NtCsebJ5IxXa3fs_12slugtale_lib13audio_captureNtB5_12LevelEmitter5spawn
FNDA:0,_RNvMs3_NtCsebJ5IxXa3fs_12slugtale_lib13audio_captureNtB5_21RealtimeCaptureBuffer15for_sample_rate
FNDA:0,_RNvMs3_NtCsebJ5IxXa3fs_12slugtale_lib13audio_captureNtB5_21RealtimeCaptureBuffer5clear
FNDA:0,_RNvMs4_NtCsebJ5IxXa3fs_12slugtale_lib13audio_captureNtB5_17CpalAudioRecorder18set_level_callback
FNDA:0,_RNvMs4_NtCsebJ5IxXa3fs_12slugtale_lib13audio_captureNtB5_17CpalAudioRecorder18stop_level_emitter
FNDA:0,_RNvMs4_NtCsebJ5IxXa3fs_12slugtale_lib13audio_captureNtB5_17CpalAudioRecorder19pause_active_stream
FNDA:0,_RNvMs4_NtCsebJ5IxXa3fs_12slugtale_lib13audio_captureNtB5_17CpalAudioRecorder23build_stream_for_format
FNDA:0,_RNvMs4_NtCsebJ5IxXa3fs_12slugtale_lib13audio_captureNtB5_17CpalAudioRecorder3new
FNDA:0,_RNvMs6_NtCsebJ5IxXa3fs_12slugtale_lib13audio_captureINtB5_19AudioCaptureSessionpE21flush_segment_throughB7_
FNDA:0,_RNvXs1_NtNtCsebJ5IxXa3fs_12slugtale_lib13audio_capture5testsNtB5_18GenerationRecorderNtB7_13AudioRecorder20take_segment_through
FNDA:0,_RNvXs1_NtNtCsebJ5IxXa3fs_12slugtale_lib13audio_capture5testsNtB5_18GenerationRecorderNtB7_13AudioRecorder4stop
FNDA:0,_RNvXs1_NtNtCsebJ5IxXa3fs_12slugtale_lib13audio_capture5testsNtB5_18GenerationRecorderNtB7_13AudioRecorder7prepare
FNDA:0,_RNvXs5_NtCsebJ5IxXa3fs_12slugtale_lib13audio_captureNtB5_17CpalAudioRecorderNtB5_13AudioRecorder12take_segment
FNDA:0,_RNvXs5_NtCsebJ5IxXa3fs_12slugtale_lib13audio_captureNtB5_17CpalAudioRecorderNtB5_13AudioRecorder15voice_watermark
FNDA:0,_RNvXs5_NtCsebJ5IxXa3fs_12slugtale_lib13audio_captureNtB5_17CpalAudioRecorderNtB5_13AudioRecorder20take_segment_through
FNDA:0,_RNvXs5_NtCsebJ5IxXa3fs_12slugtale_lib13audio_captureNtB5_17CpalAudioRecorderNtB5_13AudioRecorder4stop
FNDA:0,_RNvXs5_NtCsebJ5IxXa3fs_12slugtale_lib13audio_captureNtB5_17CpalAudioRecorderNtB5_13AudioRecorder5start
FNDA:0,_RNvXs5_NtCsebJ5IxXa3fs_12slugtale_lib13audio_captureNtB5_17CpalAudioRecorderNtB5_13AudioRecorder6cancel
FNDA:0,_RNvXs5_NtCsebJ5IxXa3fs_12slugtale_lib13audio_captureNtB5_17CpalAudioRecorderNtB5_13AudioRecorder7prepare
FNDA:0,_RNvXs_NtNtCsebJ5IxXa3fs_12slugtale_lib13audio_capture5testsNtB4_17FakeAudioRecorderNtB6_13AudioRecorder15voice_watermark
FNDA:0,_RNvXs_NtNtCsebJ5IxXa3fs_12slugtale_lib13audio_capture5testsNtB4_17FakeAudioRecorderNtB6_13AudioRecorder20take_segment_through
FNDA:0,_RNvYpNtNtCsebJ5IxXa3fs_12slugtale_lib13audio_capture13AudioRecorder15voice_watermarkB7_
FNDA:0,_RNvYpNtNtCsebJ5IxXa3fs_12slugtale_lib13audio_capture13AudioRecorder18set_level_callbackB7_
FNDA:3,_RNvXs8_NtCsebJ5IxXa3fs_12slugtale_lib13audio_captureINtB5_22VoiceActivationCaptureNtNtB5_5tests18GenerationRecorderENtNtNtCs6sq8b9ugfBC_4core3ops4drop4Drop4dropB7_
FNDA:11841,_RNCNvNtNtCsebJ5IxXa3fs_12slugtale_lib13audio_capture5testss_82cutting_at_the_watermark_keeps_speech_intact_while_dropping_most_of_the_quiet_tail0B7_
FNDA:1,_RNCNvXs_NtNtCsebJ5IxXa3fs_12slugtale_lib13audio_capture5testsNtB6_17FakeAudioRecorderNtB8_13AudioRecorder12take_segment0Ba_
FNDA:2,_RNvMNtNtCsebJ5IxXa3fs_12slugtale_lib13audio_capture5testsNtB2_17FakeAudioRecorder13prepare_count
FNDA:1,_RNvMNtNtCsebJ5IxXa3fs_12slugtale_lib13audio_capture5testsNtB2_17FakeAudioRecorder15failing_prepare
FNDA:11,_RNvMNtNtCsebJ5IxXa3fs_12slugtale_lib13audio_capture5testsNtB2_17FakeAudioRecorder3new
FNDA:4,_RNvMNtNtCsebJ5IxXa3fs_12slugtale_lib13audio_capture5testsNtB2_17FakeAudioRecorder8flushing
FNDA:4,_RNvMs0_NtNtCsebJ5IxXa3fs_12slugtale_lib13audio_capture5testsNtB5_18GenerationRecorder3new
FNDA:1,_RNvNtNtCsebJ5IxXa3fs_12slugtale_lib13audio_capture5testss_30zero_channel_input_is_rejected
FNDA:1,_RNvNtNtCsebJ5IxXa3fs_12slugtale_lib13audio_capture5testss_34zero_sample_rate_input_is_rejected
FNDA:1,_RNvNtNtCsebJ5IxXa3fs_12slugtale_lib13audio_capture5testss_39upsampling_doubles_sub_16khz_mono_input
FNDA:1,_RNvNtNtCsebJ5IxXa3fs_12slugtale_lib13audio_capture5testss_41flushing_a_drained_ring_yields_no_segment
FNDA:1,_RNvNtNtCsebJ5IxXa3fs_12slugtale_lib13audio_capture5testss_44a_stale_cut_yields_nothing_and_never_rewinds
FNDA:1,_RNvNtNtCsebJ5IxXa3fs_12slugtale_lib13audio_capture5testss_46flushing_outside_a_dictation_yields_no_segment
FNDA:1,_RNvNtNtCsebJ5IxXa3fs_12slugtale_lib13audio_capture5testss_46preparing_a_recording_recorder_changes_nothing
FNDA:1,_RNvNtNtCsebJ5IxXa3fs_12slugtale_lib13audio_capture5testss_47input_audio_is_normalized_to_mono_16khz_samples
FNDA:1,_RNvNtNtCsebJ5IxXa3fs_12slugtale_lib13audio_capture5testss_50a_new_dictation_restores_the_digital_silence_guard
FNDA:1,_RNvNtNtCsebJ5IxXa3fs_12slugtale_lib13audio_capture5testss_50audio_level_reports_clamped_rms_for_voice_feedback
FNDA:1,_RNvNtNtCsebJ5IxXa3fs_12slugtale_lib13audio_capture5testss_53a_second_listen_after_dictation_rebuilds_the_recorder
FNDA:1,_RNvNtNtCsebJ5IxXa3fs_12slugtale_lib13audio_capture5testss_53voice_activation_capture_reports_open_while_listening
FNDA:1,_RNvNtNtCsebJ5IxXa3fs_12slugtale_lib13audio_capture5testss_54multiple_pauses_cut_in_order_and_the_rest_reaches_stop
FNDA:1,_RNvNtNtCsebJ5IxXa3fs_12slugtale_lib13audio_capture5testss_56a_failed_prepare_does_not_block_the_next_dictation_start
FNDA:1,_RNvNtNtCsebJ5IxXa3fs_12slugtale_lib13audio_capture5testss_56a_prepared_ring_holds_no_samples_before_dictation_starts
FNDA:1,_RNvNtNtCsebJ5IxXa3fs_12slugtale_lib13audio_capture5testss_58a_dictation_that_already_flushed_speech_may_end_on_silence
FNDA:1,_RNvNtNtCsebJ5IxXa3fs_12slugtale_lib13audio_capture5testss_58preparing_twice_prepares_once_and_start_does_not_reprepare
FNDA:1,_RNvNtNtCsebJ5IxXa3fs_12slugtale_lib13audio_capture5testss_59the_listener_keeps_its_recorder_while_it_is_still_listening
FNDA:1,_RNvNtNtCsebJ5IxXa3fs_12slugtale_lib13audio_capture5testss_59voice_level_maps_speech_rms_into_a_visibly_responsive_range
FNDA:1,_RNvNtNtCsebJ5IxXa3fs_12slugtale_lib13audio_capture5testss_60the_quiet_tail_guard_keeps_a_documented_sliver_after_the_cut
FNDA:1,_RNvNtNtCsebJ5IxXa3fs_12slugtale_lib13audio_capture5testss_61audio_capture_session_cancel_discards_without_returning_audio
FNDA:1,_RNvNtNtCsebJ5IxXa3fs_12slugtale_lib13audio_capture5testss_61downsampling_attenuates_a_nyquist_tone_instead_of_aliasing_it
FNDA:1,_RNvNtNtCsebJ5IxXa3fs_12slugtale_lib13audio_capture5testss_62a_pause_cut_ends_at_the_watermark_even_when_the_worker_is_slow
FNDA:1,_RNvNtNtCsebJ5IxXa3fs_12slugtale_lib13audio_capture5testss_63flushing_a_segment_keeps_the_recording_running_for_the_next_one
FNDA:1,_RNvNtNtCsebJ5IxXa3fs_12slugtale_lib13audio_capture5testss_65a_cut_ahead_of_production_drains_what_exists_rather_than_blocking
FNDA:1,_RNvNtNtCsebJ5IxXa3fs_12slugtale_lib13audio_capture5testss_66audio_capture_session_rejects_digital_silence_before_transcription
FNDA:1,_RNvNtNtCsebJ5IxXa3fs_12slugtale_lib13audio_capture5testss_67audio_capture_session_stops_with_captured_samples_for_transcription
FNDA:1,_RNvNtNtCsebJ5IxXa3fs_12slugtale_lib13audio_capture5testss_82cutting_at_the_watermark_keeps_speech_intact_while_dropping_most_of_the_quiet_tail
FNDA:1,_RNvXs1_NtNtCsebJ5IxXa3fs_12slugtale_lib13audio_capture5testsNtB5_18GenerationRecorderNtB7_13AudioRecorder12take_segment
FNDA:4,_RNvXs1_NtNtCsebJ5IxXa3fs_12slugtale_lib13audio_capture5testsNtB5_18GenerationRecorderNtB7_13AudioRecorder5start
FNDA:4,_RNvXs1_NtNtCsebJ5IxXa3fs_12slugtale_lib13audio_capture5testsNtB5_18GenerationRecorderNtB7_13AudioRecorder6cancel
FNDA:5,_RNvXs_NtNtCsebJ5IxXa3fs_12slugtale_lib13audio_capture5testsNtB4_17FakeAudioRecorderNtB6_13AudioRecorder12take_segment
FNDA:8,_RNvXs_NtNtCsebJ5IxXa3fs_12slugtale_lib13audio_capture5testsNtB4_17FakeAudioRecorderNtB6_13AudioRecorder4stop
FNDA:11,_RNvXs_NtNtCsebJ5IxXa3fs_12slugtale_lib13audio_capture5testsNtB4_17FakeAudioRecorderNtB6_13AudioRecorder5start
FNDA:1,_RNvXs_NtNtCsebJ5IxXa3fs_12slugtale_lib13audio_capture5testsNtB4_17FakeAudioRecorderNtB6_13AudioRecorder6cancel
FNDA:4,_RNvXs_NtNtCsebJ5IxXa3fs_12slugtale_lib13audio_capture5testsNtB4_17FakeAudioRecorderNtB6_13AudioRecorder7prepare
FNF:115
FNH:73
DA:11,62
DA:12,62
DA:13,62
DA:14,62
DA:15,62
DA:16,62
DA:19,6
DA:20,6
DA:21,6
DA:22,6
DA:23,6
DA:24,6
DA:25,1
DA:26,5
DA:27,5
DA:28,1
DA:29,1
DA:30,1
DA:31,4
DA:33,4
DA:34,4
DA:35,11859
DA:36,11859
DA:37,11859
DA:39,4
DA:40,1
DA:41,3
DA:43,3
DA:44,3
DA:45,3
DA:47,3
DA:53,6
DA:54,6
DA:55,6
DA:56,6
DA:57,6
DA:61,8
DA:62,8
DA:63,8
DA:64,8
DA:65,8
DA:66,8
DA:67,8
DA:68,8
DA:71,3
DA:72,6
DA:78,6
DA:79,6
DA:80,6
DA:81,0
DA:82,6
DA:83,6
DA:84,6
DA:85,6
DA:86,0
DA:87,6
DA:89,6
DA:90,6
DA:91,6
DA:92,6
DA:93,14
DA:94,14
DA:95,14
DA:96,14
DA:97,14
DA:98,14
DA:99,14
DA:100,14
DA:103,6
DA:104,6
DA:106,0
DA:108,6
DA:110,626
DA:111,626
DA:112,1
DA:113,625
DA:115,625
DA:116,625
DA:117,864009
DA:118,625
DA:119,625
DA:120,625
DA:121,626
DA:125,5
DA:130,5
DA:131,5
DA:132,5
DA:133,5
DA:134,96005
DA:135,5
DA:136,2
DA:137,2
DA:138,2
DA:139,3
DA:141,3
DA:142,5
DA:150,7
DA:154,7
DA:155,7
DA:156,7
DA:164,8
DA:165,8
DA:166,8
DA:167,8
DA:168,8
DA:172,3
DA:173,3
DA:174,3
DA:219,0
DA:220,0
DA:221,0
DA:226,0
DA:245,0
DA:246,0
DA:247,0
DA:248,0
DA:251,0
DA:252,0
DA:253,0
DA:254,0
DA:255,0
DA:256,0
DA:257,0
DA:258,0
DA:259,0
DA:260,0
DA:261,0
DA:262,0
DA:266,0
DA:267,0
DA:268,0
DA:269,0
DA:270,0
DA:310,0
DA:311,0
DA:312,0
DA:313,0
DA:314,0
DA:315,0
DA:316,0
DA:317,0
DA:318,0
DA:319,0
DA:321,7
DA:322,7
DA:324,7
DA:325,86144
DA:326,7
DA:327,7
DA:328,7
DA:329,7
DA:330,7
DA:332,7
DA:336,80591
DA:339,80591
DA:340,80591
DA:341,80591
DA:342,0
DA:343,0
DA:344,80591
DA:346,80591
DA:347,80591
DA:348,80591
DA:349,80591
DA:350,80591
DA:355,74
DA:358,74
DA:359,74
DA:360,74
DA:362,74
DA:366,4
DA:367,4
DA:368,4
DA:369,4
DA:372,5
DA:373,5
DA:374,5
DA:375,5
DA:376,5
DA:377,5
DA:378,5
DA:379,5
DA:380,5
DA:396,7
DA:397,7
DA:398,7
DA:399,7
DA:400,7
DA:401,7
DA:402,7
DA:404,7
DA:407,7
DA:408,7
DA:409,1
DA:410,6
DA:411,6
DA:412,7
DA:417,11
DA:420,11
DA:421,11
DA:422,12422
DA:423,12422
DA:424,12422
DA:425,12422
DA:426,11
DA:428,11
DA:429,0
DA:430,11
DA:431,11
DA:432,11
DA:435,0
DA:438,0
DA:439,0
DA:442,0
DA:443,0
DA:444,0
DA:445,0
DA:487,0
DA:488,0
DA:489,0
DA:491,0
DA:492,0
DA:493,0
DA:495,0
DA:496,0
DA:497,0
DA:498,0
DA:499,0
DA:500,0
DA:501,0
DA:502,0
DA:507,0
DA:508,0
DA:509,0
DA:510,0
DA:511,0
DA:512,0
DA:513,0
DA:514,0
DA:515,0
DA:516,0
DA:517,0
DA:518,0
DA:519,0
DA:525,0
DA:526,0
DA:527,0
DA:528,0
DA:529,0
DA:530,0
DA:531,0
DA:532,0
DA:533,0
DA:535,0
DA:536,0
DA:537,0
DA:542,0
DA:543,0
DA:544,0
DA:545,0
DA:546,0
DA:547,0
DA:548,0
DA:549,0
DA:550,0
DA:551,0
DA:553,0
DA:555,0
DA:556,0
DA:558,0
DA:559,0
DA:560,0
DA:561,0
DA:562,0
DA:563,0
DA:564,0
DA:565,0
DA:566,0
DA:567,0
DA:568,0
DA:569,0
DA:570,0
DA:571,0
DA:572,0
DA:573,0
DA:574,0
DA:575,0
DA:577,0
DA:579,0
DA:582,0
DA:583,0
DA:584,0
DA:586,0
DA:587,0
DA:588,0
DA:589,0
DA:590,0
DA:591,0
DA:592,0
DA:593,0
DA:594,0
DA:595,0
DA:596,0
DA:598,0
DA:599,0
DA:600,0
DA:601,0
DA:602,0
DA:603,0
DA:604,0
DA:612,0
DA:616,0
DA:617,0
DA:618,0
DA:620,0
DA:621,0
DA:622,0
DA:623,0
DA:624,0
DA:625,0
DA:626,0
DA:627,0
DA:628,0
DA:629,0
DA:630,0
DA:631,0
DA:632,0
DA:633,0
DA:634,0
DA:635,0
DA:637,0
DA:640,0
DA:646,0
DA:647,0
DA:648,0
DA:649,0
DA:650,0
DA:651,0
DA:652,0
DA:653,0
DA:654,0
DA:656,0
DA:659,0
DA:660,0
DA:661,0
DA:662,0
DA:664,0
DA:665,0
DA:666,0
DA:669,0
DA:671,0
DA:674,0
DA:675,0
DA:677,0
DA:678,0
DA:679,0
DA:680,0
DA:681,0
DA:682,0
DA:683,0
DA:684,0
DA:685,0
DA:686,0
DA:687,0
DA:688,0
DA:689,0
DA:690,0
DA:691,0
DA:693,0
DA:695,0
DA:696,0
DA:697,0
DA:698,0
DA:700,0
DA:701,0
DA:707,0
DA:708,0
DA:709,0
DA:710,0
DA:711,0
DA:712,0
DA:713,0
DA:714,0
DA:715,0
DA:716,0
DA:717,0
DA:718,0
DA:719,0
DA:720,0
DA:721,0
DA:722,0
DA:724,0
DA:725,0
DA:726,0
DA:727,0
DA:732,0
DA:733,0
DA:734,0
DA:735,0
DA:736,0
DA:737,0
DA:738,0
DA:739,0
DA:740,0
DA:741,0
DA:742,0
DA:743,0
DA:744,0
DA:745,0
DA:746,0
DA:747,0
DA:748,0
DA:749,0
DA:753,0
DA:755,0
DA:756,0
DA:757,0
DA:759,0
DA:761,0
DA:762,0
DA:763,0
DA:765,0
DA:766,0
DA:767,0
DA:768,0
DA:769,0
DA:770,0
DA:771,0
DA:772,0
DA:774,0
DA:775,0
DA:777,0
DA:778,0
DA:779,0
DA:780,0
DA:781,0
DA:782,0
DA:783,0
DA:784,0
DA:786,0
DA:798,0
DA:799,0
DA:800,0
DA:801,0
DA:802,0
DA:804,0
DA:805,0
DA:807,0
DA:808,0
DA:809,0
DA:810,0
DA:811,0
DA:812,0
DA:813,0
DA:815,0
DA:816,0
DA:818,0
DA:819,0
DA:820,0
DA:821,0
DA:822,0
DA:823,0
DA:845,11
DA:846,11
DA:847,11
DA:848,11
DA:849,11
DA:850,11
DA:851,11
DA:857,6
DA:858,6
DA:859,1
DA:860,5
DA:862,5
DA:863,5
DA:864,1
DA:865,4
DA:867,4
DA:868,4
DA:869,6
DA:874,0
DA:875,0
DA:876,0
DA:877,0
DA:878,0
DA:879,0
DA:880,0
DA:882,0
DA:883,0
DA:884,0
DA:885,0
DA:887,0
DA:888,0
DA:889,0
DA:891,20
DA:892,20
DA:893,20
DA:894,20
DA:895,8
DA:897,11
DA:898,11
DA:899,11
DA:900,11
DA:902,8
DA:903,8
DA:904,8
DA:912,8
DA:913,5
DA:914,3
DA:915,6
DA:917,1
DA:918,1
DA:919,1
DA:920,1
DA:922,0
DA:924,20
DA:926,7
DA:927,7
DA:928,7
DA:930,2
DA:931,2
DA:932,2
DA:948,3
DA:949,3
DA:950,3
DA:951,3
DA:952,3
DA:953,3
DA:955,3
DA:956,3
DA:957,3
DA:959,5
DA:960,5
DA:961,1
DA:962,4
DA:963,4
DA:964,4
DA:965,4
DA:966,5
DA:968,1
DA:969,1
DA:970,1
DA:974,1
DA:975,1
DA:976,1
DA:977,1
DA:979,4
DA:980,4
DA:981,0
DA:982,4
DA:983,4
DA:984,4
DA:985,4
DA:989,3
DA:990,3
DA:991,3
DA:999,1
DA:1000,1
DA:1003,1
DA:1004,1
DA:1005,1
DA:1006,1
DA:1007,1
DA:1008,1
DA:1009,1
DA:1010,1
DA:1012,1
DA:1014,1
DA:1019,1
DA:1020,1
DA:1021,1
DA:1022,1
DA:1025,1
DA:1032,1
DA:1035,1
DA:1037,1
DA:1039,1
DA:1040,4
DA:1041,4
DA:1042,4
DA:1046,1
DA:1049,1
DA:1050,1
DA:1051,1
DA:1052,1
DA:1053,1
DA:1056,1
DA:1059,1
DA:1060,1
DA:1064,1
DA:1065,1
DA:1066,1
DA:1069,1
DA:1070,1
DA:1073,1
DA:1074,1
DA:1077,1
DA:1078,1
DA:1079,1
DA:1081,1
DA:1082,1
DA:1084,1
DA:1086,1
DA:1087,1
DA:1088,1
DA:1090,1
DA:1091,1
DA:1094,1
DA:1097,1
DA:1098,1
DA:1099,1
DA:1101,1
DA:1102,1
DA:1104,1
DA:1106,1
DA:1110,1
DA:1111,1
DA:1114,1
DA:1117,1
DA:1118,1
DA:1119,1
DA:1120,1
DA:1121,1
DA:1122,1
DA:1125,1
DA:1126,1
DA:1128,1
DA:1129,1
DA:1130,1
DA:1134,1
DA:1135,1
DA:1136,1
DA:1138,1
DA:1139,1
DA:1140,1
DA:1142,1
DA:1143,1
DA:1146,1
DA:1149,1
DA:1152,1
DA:1153,1
DA:1154,1
DA:1156,1
DA:1157,1
DA:1160,1
DA:1161,1
DA:1162,1
DA:1163,1
DA:1165,1
DA:1167,1
DA:1168,1
DA:1169,1
DA:1172,1
DA:1175,1
DA:1176,1
DA:1177,1
DA:1178,1
DA:1180,1
DA:1181,1
DA:1183,1
DA:1184,1
DA:1187,1
DA:1190,1
DA:1191,1
DA:1192,1
DA:1194,1
DA:1196,1
DA:1197,1
DA:1198,1
DA:1199,1
DA:1202,1
DA:1205,1
DA:1206,1
DA:1207,1
DA:1209,1
DA:1211,1
DA:1212,1
DA:1213,1
DA:1214,1
DA:1217,1
DA:1220,1
DA:1224,1
DA:1226,1
DA:1227,1
DA:1230,1
DA:1234,1
DA:1235,1
DA:1236,1
DA:1238,1
DA:1239,1
DA:1240,1
DA:1242,1
DA:1244,1
DA:1245,1
DA:1248,1
DA:1251,1
DA:1252,1
DA:1253,1
DA:1255,1
DA:1256,1
DA:1257,1
DA:1258,1
DA:1260,1
DA:1261,1
DA:1263,1
DA:1265,1
DA:1269,1
DA:1272,1
DA:1273,1
DA:1274,1
DA:1276,1
DA:1277,1
DA:1279,1
DA:1280,1
DA:1281,1
DA:1284,1
DA:1287,1
DA:1290,1
DA:1291,100
DA:1292,100
DA:1293,100
DA:1294,1
DA:1295,1
DA:1296,200
DA:1298,200
DA:1299,200
DA:1300,20
DA:1301,180
DA:1304,1
DA:1306,1
DA:1307,1
DA:1309,1
DA:1310,1
DA:1311,1
DA:1314,1
DA:1315,1
DA:1316,100
DA:1317,100
DA:1318,100
DA:1319,1
DA:1320,30
DA:1321,30
DA:1322,30
DA:1324,1
DA:1326,1
DA:1327,1
DA:1330,1
DA:1331,1
DA:1332,50
DA:1333,50
DA:1334,50
DA:1335,1
DA:1339,1
DA:1341,10
DA:1342,10
DA:1343,10
DA:1344,1
DA:1345,1
DA:1348,1
DA:1349,1
DA:1350,1
DA:1352,1
DA:1353,1
DA:1356,1
DA:1357,1
DA:1358,40
DA:1359,40
DA:1360,40
DA:1361,1
DA:1362,1
DA:1363,40
DA:1364,40
DA:1365,40
DA:1366,1
DA:1367,1
DA:1368,20
DA:1369,20
DA:1370,20
DA:1372,1
DA:1373,1
DA:1374,1
DA:1376,1
DA:1377,1
DA:1378,1
DA:1379,1
DA:1382,1
DA:1389,1
DA:1390,8000
DA:1391,8000
DA:1392,8000
DA:1393,50
DA:1394,7950
DA:1396,1
DA:1397,72000
DA:1398,72000
DA:1399,72000
DA:1401,1
DA:1402,1
DA:1403,1
DA:1404,1
DA:1405,1
DA:1409,1
DA:1410,11841
DA:1414,1
DA:1418,1
DA:1419,1
DA:1420,1
DA:1421,1
DA:1425,1
DA:1442,11
DA:1443,11
DA:1444,11
DA:1445,11
DA:1446,11
DA:1447,11
DA:1448,11
DA:1449,11
DA:1450,11
DA:1451,11
DA:1452,11
DA:1454,4
DA:1455,4
DA:1456,4
DA:1457,4
DA:1458,4
DA:1460,1
DA:1461,1
DA:1462,1
DA:1463,1
DA:1465,2
DA:1466,2
DA:1467,2
DA:1471,4
DA:1472,4
DA:1473,1
DA:1474,3
DA:1475,3
DA:1476,1
DA:1477,1
DA:1478,2
DA:1479,3
DA:1480,4
DA:1482,11
DA:1483,11
DA:1484,11
DA:1485,11
DA:1486,11
DA:1488,8
DA:1489,8
DA:1490,8
DA:1491,8
DA:1492,8
DA:1494,1
DA:1495,1
DA:1496,1
DA:1497,1
DA:1498,1
DA:1499,5
DA:1500,5
DA:1501,5
DA:1502,5
DA:1503,5
DA:1504,5
DA:1505,5
DA:1506,5
DA:1508,0
DA:1509,0
DA:1510,0
DA:1511,0
DA:1512,0
DA:1513,0
DA:1514,0
DA:1515,0
DA:1516,0
DA:1518,0
DA:1519,0
DA:1520,0
DA:1529,4
DA:1530,4
DA:1531,4
DA:1532,4
DA:1533,4
DA:1534,4
DA:1538,0
DA:1539,0
DA:1540,0
DA:1542,4
DA:1543,4
DA:1544,4
DA:1545,4
DA:1547,0
DA:1548,0
DA:1549,0
DA:1551,4
DA:1552,4
DA:1553,4
DA:1554,4
DA:1556,1
DA:1557,1
DA:1558,1
DA:1560,0
DA:1561,0
DA:1562,0
DA:1563,0
DA:1567,1
DA:1571,1
DA:1572,1
DA:1574,1
DA:1575,1
DA:1576,1
DA:1578,1
DA:1579,1
DA:1582,1
DA:1583,1
DA:1586,1
DA:1587,1
DA:1588,1
DA:1590,1
DA:1591,1
DA:1592,1
DA:1594,1
DA:1595,1
DA:1598,1
DA:1599,1
DA:1600,1
DA:1602,1
DA:1603,1
DA:1604,1
DA:1605,1
DA:1606,1
DA:1609,1
DA:1610,1
DA:1611,1
DA:1612,1
DA:1615,1
DA:1616,1
DA:1617,1
DA:1618,1
DA:1621,1
DA:1622,1
DA:1623,1
DA:1625,1
DA:1626,1
DA:1627,1
DA:1628,1
BRF:0
BRH:0
LF:966
LH:619
end_of_record
SF:/Users/darrenbryant/just-vibes/slugtale/src-tauri/src/diagnostics.rs
FN:387,_RNCNvNtNtCsebJ5IxXa3fs_12slugtale_lib11diagnostics5testss_39disabled_diagnostic_log_records_nothing0B7_
FN:507,_RNCNvNtNtCsebJ5IxXa3fs_12slugtale_lib11diagnostics5testss_48hotkey_transition_log_records_the_hotkey_surface0B7_
FN:493,_RNCNvNtNtCsebJ5IxXa3fs_12slugtale_lib11diagnostics5testss_51audio_capture_failure_log_records_the_audio_surface0B7_
FN:519,_RNCNvNtNtCsebJ5IxXa3fs_12slugtale_lib11diagnostics5testss_51insertion_failure_log_records_the_insertion_surface0B7_
FN:373,_RNCNvNtNtCsebJ5IxXa3fs_12slugtale_lib11diagnostics5testss_55enabled_diagnostic_log_records_a_readiness_failure_line0B7_
FN:477,_RNCNvNtNtCsebJ5IxXa3fs_12slugtale_lib11diagnostics5testss_55transcription_failure_log_records_the_asr_error_surface0B7_
FN:454,_RNCNvNtNtCsebJ5IxXa3fs_12slugtale_lib11diagnostics5testss_62a_healthy_dictation_is_logged_as_having_woken_no_second_engine0B7_
FN:405,_RNCNvNtNtCsebJ5IxXa3fs_12slugtale_lib11diagnostics5testss_62transcription_completed_log_never_includes_the_transcript_text0B7_
FN:534,_RNCNvNtNtCsebJ5IxXa3fs_12slugtale_lib11diagnostics5testss_63insertion_rescue_log_records_the_rescue_without_transcript_text0B7_
FN:428,_RNCNvNtNtCsebJ5IxXa3fs_12slugtale_lib11diagnostics5testss_63routing_decision_log_explains_the_choice_without_the_transcript0B7_
FN:640,_RNCNvNtNtCsebJ5IxXa3fs_12slugtale_lib11diagnostics5testss_75diagnostic_wrappers_record_asr_insertion_and_rescue_without_transcript_text0B7_
FN:642,_RNCNvNtNtCsebJ5IxXa3fs_12slugtale_lib11diagnostics5testss_75diagnostic_wrappers_record_asr_insertion_and_rescue_without_transcript_texts0_0B7_
FN:643,_RNCNvNtNtCsebJ5IxXa3fs_12slugtale_lib11diagnostics5testss_75diagnostic_wrappers_record_asr_insertion_and_rescue_without_transcript_texts1_0B7_
FN:641,_RNCNvNtNtCsebJ5IxXa3fs_12slugtale_lib11diagnostics5testss_75diagnostic_wrappers_record_asr_insertion_and_rescue_without_transcript_texts_0B7_
FN:168,_RNvXs_NtCsebJ5IxXa3fs_12slugtale_lib11diagnosticsNCNvNtB4_5testss_39disabled_diagnostic_log_records_nothing0NtB4_14DiagnosticSink10write_lineB6_
FN:168,_RNvXs_NtCsebJ5IxXa3fs_12slugtale_lib11diagnosticsNCNvNtB4_5testss_48hotkey_transition_log_records_the_hotkey_surface0NtB4_14DiagnosticSink10write_lineB6_
FN:168,_RNvXs_NtCsebJ5IxXa3fs_12slugtale_lib11diagnosticsNCNvNtB4_5testss_51audio_capture_failure_log_records_the_audio_surface0NtB4_14DiagnosticSink10write_lineB6_
FN:168,_RNvXs_NtCsebJ5IxXa3fs_12slugtale_lib11diagnosticsNCNvNtB4_5testss_51insertion_failure_log_records_the_insertion_surface0NtB4_14DiagnosticSink10write_lineB6_
FN:168,_RNvXs_NtCsebJ5IxXa3fs_12slugtale_lib11diagnosticsNCNvNtB4_5testss_55enabled_diagnostic_log_records_a_readiness_failure_line0NtB4_14DiagnosticSink10write_lineB6_
FN:168,_RNvXs_NtCsebJ5IxXa3fs_12slugtale_lib11diagnosticsNCNvNtB4_5testss_55transcription_failure_log_records_the_asr_error_surface0NtB4_14DiagnosticSink10write_lineB6_
FN:168,_RNvXs_NtCsebJ5IxXa3fs_12slugtale_lib11diagnosticsNCNvNtB4_5testss_62a_healthy_dictation_is_logged_as_having_woken_no_second_engine0NtB4_14DiagnosticSink10write_lineB6_
FN:168,_RNvXs_NtCsebJ5IxXa3fs_12slugtale_lib11diagnosticsNCNvNtB4_5testss_62transcription_completed_log_never_includes_the_transcript_text0NtB4_14DiagnosticSink10write_lineB6_
FN:168,_RNvXs_NtCsebJ5IxXa3fs_12slugtale_lib11diagnosticsNCNvNtB4_5testss_63insertion_rescue_log_records_the_rescue_without_transcript_text0NtB4_14DiagnosticSink10write_lineB6_
FN:168,_RNvXs_NtCsebJ5IxXa3fs_12slugtale_lib11diagnosticsNCNvNtB4_5testss_63routing_decision_log_explains_the_choice_without_the_transcript0NtB4_14DiagnosticSink10write_lineB6_
FN:56,_RNCNvMNtCsebJ5IxXa3fs_12slugtale_lib11diagnosticsNtB4_15DiagnosticEvent20readiness_incomplete0B6_
FN:185,_RNvMs0_NtCsebJ5IxXa3fs_12slugtale_lib11diagnosticsINtB5_18LocalDiagnosticLogNCNvNtB5_5testss_39disabled_diagnostic_log_records_nothing0E3newB7_
FN:189,_RNvMs0_NtCsebJ5IxXa3fs_12slugtale_lib11diagnosticsINtB5_18LocalDiagnosticLogNCNvNtB5_5testss_39disabled_diagnostic_log_records_nothing0E6recordB7_
FN:185,_RNvMs0_NtCsebJ5IxXa3fs_12slugtale_lib11diagnosticsINtB5_18LocalDiagnosticLogNCNvNtB5_5testss_48hotkey_transition_log_records_the_hotkey_surface0E3newB7_
FN:189,_RNvMs0_NtCsebJ5IxXa3fs_12slugtale_lib11diagnosticsINtB5_18LocalDiagnosticLogNCNvNtB5_5testss_48hotkey_transition_log_records_the_hotkey_surface0E6recordB7_
FN:185,_RNvMs0_NtCsebJ5IxXa3fs_12slugtale_lib11diagnosticsINtB5_18LocalDiagnosticLogNCNvNtB5_5testss_51audio_capture_failure_log_records_the_audio_surface0E3newB7_
FN:189,_RNvMs0_NtCsebJ5IxXa3fs_12slugtale_lib11diagnosticsINtB5_18LocalDiagnosticLogNCNvNtB5_5testss_51audio_capture_failure_log_records_the_audio_surface0E6recordB7_
FN:185,_RNvMs0_NtCsebJ5IxXa3fs_12slugtale_lib11diagnosticsINtB5_18LocalDiagnosticLogNCNvNtB5_5testss_51insertion_failure_log_records_the_insertion_surface0E3newB7_
FN:189,_RNvMs0_NtCsebJ5IxXa3fs_12slugtale_lib11diagnosticsINtB5_18LocalDiagnosticLogNCNvNtB5_5testss_51insertion_failure_log_records_the_insertion_surface0E6recordB7_
FN:185,_RNvMs0_NtCsebJ5IxXa3fs_12slugtale_lib11diagnosticsINtB5_18LocalDiagnosticLogNCNvNtB5_5testss_55enabled_diagnostic_log_records_a_readiness_failure_line0E3newB7_
FN:189,_RNvMs0_NtCsebJ5IxXa3fs_12slugtale_lib11diagnosticsINtB5_18LocalDiagnosticLogNCNvNtB5_5testss_55enabled_diagnostic_log_records_a_readiness_failure_line0E6recordB7_
FN:185,_RNvMs0_NtCsebJ5IxXa3fs_12slugtale_lib11diagnosticsINtB5_18LocalDiagnosticLogNCNvNtB5_5testss_55transcription_failure_log_records_the_asr_error_surface0E3newB7_
FN:189,_RNvMs0_NtCsebJ5IxXa3fs_12slugtale_lib11diagnosticsINtB5_18LocalDiagnosticLogNCNvNtB5_5testss_55transcription_failure_log_records_the_asr_error_surface0E6recordB7_
FN:185,_RNvMs0_NtCsebJ5IxXa3fs_12slugtale_lib11diagnosticsINtB5_18LocalDiagnosticLogNCNvNtB5_5testss_62a_healthy_dictation_is_logged_as_having_woken_no_second_engine0E3newB7_
FN:189,_RNvMs0_NtCsebJ5IxXa3fs_12slugtale_lib11diagnosticsINtB5_18LocalDiagnosticLogNCNvNtB5_5testss_62a_healthy_dictation_is_logged_as_having_woken_no_second_engine0E6recordB7_
FN:185,_RNvMs0_NtCsebJ5IxXa3fs_12slugtale_lib11diagnosticsINtB5_18LocalDiagnosticLogNCNvNtB5_5testss_62transcription_completed_log_never_includes_the_transcript_text0E3newB7_
FN:189,_RNvMs0_NtCsebJ5IxXa3fs_12slugtale_lib11diagnosticsINtB5_18LocalDiagnosticLogNCNvNtB5_5testss_62transcription_completed_log_never_includes_the_transcript_text0E6recordB7_
FN:185,_RNvMs0_NtCsebJ5IxXa3fs_12slugtale_lib11diagnosticsINtB5_18LocalDiagnosticLogNCNvNtB5_5testss_63insertion_rescue_log_records_the_rescue_without_transcript_text0E3newB7_
FN:189,_RNvMs0_NtCsebJ5IxXa3fs_12slugtale_lib11diagnosticsINtB5_18LocalDiagnosticLogNCNvNtB5_5testss_63insertion_rescue_log_records_the_rescue_without_transcript_text0E6recordB7_
FN:185,_RNvMs0_NtCsebJ5IxXa3fs_12slugtale_lib11diagnosticsINtB5_18LocalDiagnosticLogNCNvNtB5_5testss_63routing_decision_log_explains_the_choice_without_the_transcript0E3newB7_
FN:189,_RNvMs0_NtCsebJ5IxXa3fs_12slugtale_lib11diagnosticsINtB5_18LocalDiagnosticLogNCNvNtB5_5testss_63routing_decision_log_explains_the_choice_without_the_transcript0E6recordB7_
FN:185,_RNvMs0_NtCsebJ5IxXa3fs_12slugtale_lib11diagnosticsINtB5_18LocalDiagnosticLogNCNvNtNtB7_16engine_catalogue5tests15collecting_sink0E3newB7_
FN:189,_RNvMs0_NtCsebJ5IxXa3fs_12slugtale_lib11diagnosticsINtB5_18LocalDiagnosticLogNCNvNtNtB7_16engine_catalogue5tests15collecting_sink0E6recordB7_
FN:185,_RNvMs0_NtCsebJ5IxXa3fs_12slugtale_lib11diagnosticsINtB5_18LocalDiagnosticLogNtB5_18FileDiagnosticSinkE3newB7_
FN:189,_RNvMs0_NtCsebJ5IxXa3fs_12slugtale_lib11diagnosticsINtB5_18LocalDiagnosticLogNtB5_18FileDiagnosticSinkE6recordB7_
FN:185,_RNvMs0_NtCsebJ5IxXa3fs_12slugtale_lib11diagnosticsINtB5_18LocalDiagnosticLogNtNtB5_5tests18TestDiagnosticSinkE3newB7_
FN:189,_RNvMs0_NtCsebJ5IxXa3fs_12slugtale_lib11diagnosticsINtB5_18LocalDiagnosticLogNtNtB5_5tests18TestDiagnosticSinkE6recordB7_
FN:262,_RNvMs4_NtCsebJ5IxXa3fs_12slugtale_lib11diagnosticsINtB5_19SharedDiagnosticLogNCNvNtNtB7_16engine_catalogue5tests15collecting_sink0E3newB7_
[...]
FN:321,_RNvNtCsebJ5IxXa3fs_12slugtale_lib5usage15totals_all_time
FN:304,_RNvNtCsebJ5IxXa3fs_12slugtale_lib5usage15totals_for_week
FN:350,_RNvNtCsebJ5IxXa3fs_12slugtale_lib5usage17format_time_saved
FN:336,_RNvNtCsebJ5IxXa3fs_12slugtale_lib5usage18time_saved_seconds
FN:270,_RNvNtCsebJ5IxXa3fs_12slugtale_lib5usage22record_counted_segment
FNDA:3,_RNCNvNtNtCsebJ5IxXa3fs_12slugtale_lib5usage5testss_53daily_records_stay_sorted_by_date_however_they_arrive0B7_
FNDA:0,_RNvXs0_NtCsebJ5IxXa3fs_12slugtale_lib5usageNtB5_9WeekStartNtNtCs6sq8b9ugfBC_4core7default7Default7default
FNDA:4,_RNCNvNtCsebJ5IxXa3fs_12slugtale_lib5usage10load_usage0B5_
FNDA:2,_RNCNvNtCsebJ5IxXa3fs_12slugtale_lib5usage10save_usage0B5_
FNDA:5,_RNCNvNtCsebJ5IxXa3fs_12slugtale_lib5usage14totals_for_day0B5_
FNDA:11,_RNCNvNtCsebJ5IxXa3fs_12slugtale_lib5usage22record_counted_segment0B5_
FNDA:22,_RNCNvNtCsebJ5IxXa3fs_12slugtale_lib5usage22record_counted_segments0_0B5_
FNDA:11,_RNCNvNtCsebJ5IxXa3fs_12slugtale_lib5usage22record_counted_segments_0B5_
FNDA:52,_RNvNtNtCsebJ5IxXa3fs_12slugtale_lib5usage5tests4date
FNDA:17,_RNvNtNtCsebJ5IxXa3fs_12slugtale_lib5usage5tests7segment
FNDA:1,_RNvNtNtCsebJ5IxXa3fs_12slugtale_lib5usage5testss_28february_respects_leap_years
FNDA:1,_RNvNtNtCsebJ5IxXa3fs_12slugtale_lib5usage5testss_39all_time_totals_span_every_recorded_day
FNDA:1,_RNvNtNtCsebJ5IxXa3fs_12slugtale_lib5usage5testss_40month_lengths_are_enforced_at_parse_time
FNDA:1,_RNvNtNtCsebJ5IxXa3fs_12slugtale_lib5usage5testss_41iso_parse_requires_fixed_hyphen_positions
FNDA:1,_RNvNtNtCsebJ5IxXa3fs_12slugtale_lib5usage5testss_45time_saved_is_typing_time_minus_speaking_time
FNDA:1,_RNvNtNtCsebJ5IxXa3fs_12slugtale_lib5usage5testss_46time_saved_is_a_hole_without_a_typing_baseline
FNDA:1,_RNvNtNtCsebJ5IxXa3fs_12slugtale_lib5usage5testss_46weekday_and_week_start_agree_with_the_calendar
FNDA:1,_RNvNtNtCsebJ5IxXa3fs_12slugtale_lib5usage5testss_47days_from_epoch_is_consistent_for_known_anchors
FNDA:1,_RNvNtNtCsebJ5IxXa3fs_12slugtale_lib5usage5testss_47every_weekday_is_returned_by_some_calendar_date
FNDA:1,_RNvNtNtCsebJ5IxXa3fs_12slugtale_lib5usage5testss_50a_dictation_with_several_pause_flushes_counts_once
FNDA:1,_RNvNtNtCsebJ5IxXa3fs_12slugtale_lib5usage5testss_51stepping_one_day_forward_increments_days_from_epoch
FNDA:1,_RNvNtNtCsebJ5IxXa3fs_12slugtale_lib5usage5testss_52iso_dates_round_trip_and_nonsense_dates_are_rejected
FNDA:1,_RNvNtNtCsebJ5IxXa3fs_12slugtale_lib5usage5testss_53daily_records_stay_sorted_by_date_however_they_arrive
FNDA:1,_RNvNtNtCsebJ5IxXa3fs_12slugtale_lib5usage5testss_55time_saved_floors_at_zero_rather_than_showing_time_lost
FNDA:1,_RNvNtNtCsebJ5IxXa3fs_12slugtale_lib5usage5testss_56a_day_with_an_unparseable_date_is_ignored_by_week_totals
FNDA:1,_RNvNtNtCsebJ5IxXa3fs_12slugtale_lib5usage5testss_57redoing_the_typing_challenges_moves_historical_time_saved
FNDA:1,_RNvNtNtCsebJ5IxXa3fs_12slugtale_lib5usage5testss_58usage_file_round_trips_through_disk_and_deletes_completely
FNDA:1,_RNvNtNtCsebJ5IxXa3fs_12slugtale_lib5usage5testss_61an_unreadable_usage_file_reads_as_no_days_rather_than_failing
FNDA:1,_RNvNtNtCsebJ5IxXa3fs_12slugtale_lib5usage5testss_61words_are_whitespace_separated_however_the_engine_spaced_them
FNDA:1,_RNvNtNtCsebJ5IxXa3fs_12slugtale_lib5usage5testss_62a_dictation_that_crosses_midnight_leaves_the_earlier_day_alone
FNDA:1,_RNvNtNtCsebJ5IxXa3fs_12slugtale_lib5usage5testss_65this_week_excludes_last_week_and_never_counts_days_ahead_of_today
FNDA:1,_RNvNtNtCsebJ5IxXa3fs_12slugtale_lib5usage5testss_65this_week_follows_the_locale_first_day_rather_than_a_fixed_monday
FNDA:1,_RNvNtNtCsebJ5IxXa3fs_12slugtale_lib5usage5testss_68time_saved_reads_as_seconds_then_minutes_then_hours_with_no_decimals
FNDA:1,_RNvNtNtCsebJ5IxXa3fs_12slugtale_lib5usage5testss_70a_daily_usage_record_stores_counts_and_nothing_that_could_be_read_back
FNDA:8,_RNvMNtCsebJ5IxXa3fs_12slugtale_lib5usageNtB2_9LocalDate10minus_days
FNDA:8,_RNvMNtCsebJ5IxXa3fs_12slugtale_lib5usageNtB2_9LocalDate10week_start
FNDA:55,_RNvMNtCsebJ5IxXa3fs_12slugtale_lib5usageNtB2_9LocalDate15days_from_epoch
FNDA:8,_RNvMNtCsebJ5IxXa3fs_12slugtale_lib5usageNtB2_9LocalDate20from_days_from_epoch
FNDA:63,_RNvMNtCsebJ5IxXa3fs_12slugtale_lib5usageNtB2_9LocalDate3new
FNDA:28,_RNvMNtCsebJ5IxXa3fs_12slugtale_lib5usageNtB2_9LocalDate5parse
FNDA:41,_RNvMNtCsebJ5IxXa3fs_12slugtale_lib5usageNtB2_9LocalDate6to_iso
FNDA:26,_RNvMNtCsebJ5IxXa3fs_12slugtale_lib5usageNtB2_9LocalDate7weekday
FNDA:8,_RNvMs1_NtCsebJ5IxXa3fs_12slugtale_lib5usageNtB5_9WeekStart7weekday
FNDA:16,_RNvMs2_NtCsebJ5IxXa3fs_12slugtale_lib5usageNtB5_16DailyUsageRecord5empty
FNDA:10,_RNvMs3_NtCsebJ5IxXa3fs_12slugtale_lib5usageNtB5_11UsageTotals3add
FNDA:16,_RNvMs_NtCsebJ5IxXa3fs_12slugtale_lib5usageNtB4_7Weekday5index
FNDA:5,_RNvNtCsebJ5IxXa3fs_12slugtale_lib5usage10load_usage
FNDA:2,_RNvNtCsebJ5IxXa3fs_12slugtale_lib5usage10save_usage
FNDA:19,_RNvNtCsebJ5IxXa3fs_12slugtale_lib5usage11count_words
FNDA:10,_RNvNtCsebJ5IxXa3fs_12slugtale_lib5usage11today_local
FNDA:2,_RNvNtCsebJ5IxXa3fs_12slugtale_lib5usage12delete_usage
FNDA:19,_RNvNtCsebJ5IxXa3fs_12slugtale_lib5usage13days_in_month
FNDA:3,_RNvNtCsebJ5IxXa3fs_12slugtale_lib5usage14totals_for_day
FNDA:1,_RNvNtCsebJ5IxXa3fs_12slugtale_lib5usage15totals_all_time
FNDA:4,_RNvNtCsebJ5IxXa3fs_12slugtale_lib5usage15totals_for_week
FNDA:10,_RNvNtCsebJ5IxXa3fs_12slugtale_lib5usage17format_time_saved
FNDA:7,_RNvNtCsebJ5IxXa3fs_12slugtale_lib5usage18time_saved_seconds
FNDA:18,_RNvNtCsebJ5IxXa3fs_12slugtale_lib5usage22record_counted_segment
FNF:58
FNH:57
DA:30,63
DA:31,63
DA:32,63
DA:37,28
DA:38,28
DA:39,28
DA:40,8
DA:41,20
DA:42,20
DA:43,20
DA:44,20
DA:45,20
DA:46,7
DA:47,13
DA:48,13
DA:49,28
DA:51,41
DA:52,41
DA:53,41
DA:57,55
DA:60,55
DA:61,19
DA:63,36
DA:65,55
DA:66,55
DA:67,55
DA:68,55
DA:69,55
DA:70,55
DA:71,55
DA:72,55
DA:75,26
DA:77,26
DA:78,26
DA:79,3
DA:80,8
DA:81,4
DA:82,2
DA:83,4
DA:84,3
DA:85,2
DA:87,26
DA:91,8
DA:92,8
DA:93,8
DA:94,8
DA:96,8
DA:97,8
DA:98,8
DA:100,8
DA:101,8
DA:102,8
DA:103,8
DA:104,8
DA:105,8
DA:106,8
DA:107,8
DA:108,8
DA:109,8
DA:110,8
DA:111,8
DA:112,8
DA:113,8
DA:114,8
DA:115,8
DA:116,8
DA:125,10
DA:127,10
DA:128,10
DA:129,10
DA:131,19
DA:132,6
DA:133,10
DA:134,3
DA:135,6
DA:136,4
DA:137,0
DA:139,19
DA:153,16
DA:154,16
DA:155,2
DA:156,11
DA:157,2
DA:158,0
DA:159,0
DA:160,1
DA:161,0
DA:163,16
DA:177,0
DA:178,0
DA:179,0
DA:183,8
DA:184,8
DA:185,2
DA:186,6
DA:188,8
DA:207,16
DA:208,16
DA:209,16
DA:210,16
DA:211,16
DA:212,16
DA:213,16
DA:214,16
DA:236,10
DA:237,10
DA:238,10
DA:239,10
DA:240,10
DA:260,19
DA:261,19
DA:262,19
DA:270,18
DA:271,18
DA:272,18
DA:273,2
DA:275,16
DA:276,16
DA:277,16
DA:278,16
DA:279,16
DA:280,22
DA:281,16
DA:285,18
DA:286,15
DA:287,15
DA:288,18
DA:289,18
DA:290,18
DA:293,3
DA:294,3
DA:295,3
DA:296,5
DA:297,3
DA:298,3
DA:299,3
DA:300,3
DA:304,4
DA:305,4
DA:306,4
DA:307,4
DA:308,9
DA:309,9
DA:310,1
DA:312,8
DA:313,8
DA:314,5
DA:315,5
DA:317,4
DA:318,4
DA:321,1
DA:322,1
DA:323,2
DA:324,2
DA:325,2
DA:326,1
DA:327,1
DA:336,7
DA:337,7
DA:338,6
DA:339,1
DA:340,5
DA:341,5
DA:342,5
DA:343,7
DA:350,10
DA:351,10
DA:352,1
DA:354,9
DA:355,2
DA:356,7
DA:357,7
DA:358,2
DA:359,5
DA:361,5
DA:362,5
DA:363,2
DA:364,3
DA:366,3
DA:367,3
DA:368,3
DA:369,2
DA:371,1
DA:373,10
DA:378,2
DA:379,2
DA:380,2
DA:381,2
DA:382,2
DA:383,2
DA:384,2
DA:386,2
DA:387,2
DA:388,2
DA:389,0
DA:390,0
DA:391,0
DA:394,2
DA:400,5
DA:401,5
DA:402,5
DA:403,5
DA:404,5
DA:405,5
DA:409,2
DA:410,2
DA:411,1
DA:412,1
DA:413,0
DA:415,2
DA:421,52
DA:422,52
DA:423,52
DA:425,17
DA:426,17
DA:427,17
DA:428,17
DA:429,17
DA:430,17
DA:431,17
DA:434,1
DA:437,1
DA:438,1
DA:440,1
DA:441,1
DA:442,1
DA:444,1
DA:445,1
DA:446,1
DA:447,1
DA:448,1
DA:451,1
DA:454,1
DA:455,1
DA:456,1
DA:458,1
DA:459,1
DA:466,1
DA:467,1
DA:474,1
DA:477,1
DA:478,1
DA:479,1
DA:480,1
DA:481,1
DA:483,1
DA:484,1
DA:485,1
DA:486,3
DA:487,1
DA:488,1
DA:489,1
DA:492,1
DA:494,1
DA:495,1
DA:497,1
DA:498,1
DA:502,1
DA:505,1
DA:506,1
DA:507,1
DA:508,1
DA:509,1
DA:510,1
DA:511,1
DA:514,1
DA:518,1
DA:519,1
DA:520,1
DA:522,1
DA:523,1
DA:526,1
DA:527,1
DA:530,1
DA:533,1
DA:534,1
DA:536,1
DA:537,1
DA:538,1
DA:540,1
DA:541,1
DA:542,1
DA:543,1
DA:546,1
DA:547,1
DA:548,1
DA:549,1
DA:551,1
DA:552,1
DA:559,1
DA:562,1
DA:563,1
DA:564,1
DA:565,1
DA:566,1
DA:568,1
DA:569,1
DA:570,1
DA:572,1
DA:573,1
DA:574,1
DA:577,1
DA:578,1
DA:579,1
DA:581,1
DA:582,1
DA:583,1
DA:585,1
DA:588,1
DA:589,3
DA:590,3
DA:593,6
DA:594,1
DA:595,1
DA:596,1
DA:597,1
DA:598,1
DA:599,1
DA:600,1
DA:601,6
DA:603,1
DA:606,1
DA:608,1
DA:609,1
DA:610,1
DA:611,1
DA:612,1
DA:614,1
DA:615,1
DA:618,1
DA:621,1
DA:622,1
DA:623,1
DA:624,1
DA:625,1
DA:627,1
DA:628,1
DA:629,1
DA:632,1
DA:635,1
DA:636,1
DA:637,1
DA:638,1
DA:639,1
DA:640,1
DA:642,1
DA:645,1
DA:646,1
DA:647,1
DA:650,1
DA:653,1
DA:654,1
DA:655,1
DA:656,1
DA:657,1
DA:659,1
DA:660,1
DA:661,1
DA:664,1
DA:665,1
DA:666,1
DA:667,1
DA:668,1
DA:669,1
DA:670,1
DA:671,1
DA:672,1
DA:673,1
DA:676,1
DA:677,1
DA:678,1
DA:680,1
DA:681,1
DA:683,1
DA:684,1
DA:686,1
DA:687,1
DA:689,1
DA:690,1
DA:691,1
DA:694,1
DA:697,1
DA:698,1
DA:699,1
DA:700,1
DA:701,1
DA:703,1
DA:705,1
DA:706,1
DA:707,1
DA:710,1
DA:711,1
DA:712,1
DA:713,1
DA:714,1
DA:715,1
DA:716,1
DA:717,1
DA:718,1
DA:719,1
DA:720,1
DA:721,1
DA:722,1
DA:723,1
DA:724,1
DA:725,1
DA:726,1
DA:728,1
DA:729,1
DA:732,1
DA:735,1
DA:736,4
DA:737,4
DA:739,1
DA:742,1
DA:743,1
DA:744,1
DA:745,1
DA:746,1
DA:749,1
DA:752,1
DA:753,1
DA:754,1
DA:755,1
DA:756,1
DA:759,1
DA:760,1
DA:761,1
DA:762,1
DA:763,1
DA:766,1
DA:767,1
DA:768,14
DA:769,14
DA:770,14
DA:771,7
DA:772,7
DA:774,1
DA:775,1
DA:778,1
DA:779,1
DA:780,1
DA:783,1
BRF:0
BRH:0
LF:450
LH:439
end_of_record
SF:/Users/darrenbryant/just-vibes/slugtale/src-tauri/src/wake_word.rs
FN:390,_RNvNtNtCsebJ5IxXa3fs_12slugtale_lib9wake_word5testss_28unrelated_speech_scores_zero
FN:357,_RNvNtNtCsebJ5IxXa3fs_12slugtale_lib9wake_word5testss_31exact_variants_score_full_marks
FN:396,_RNvNtNtCsebJ5IxXa3fs_12slugtale_lib9wake_word5testss_34ordinary_slug_words_do_not_trigger
FN:402,_RNvNtNtCsebJ5IxXa3fs_12slugtale_lib9wake_word5testss_34short_tokens_are_not_fuzzy_matched
FN:467,_RNvNtNtCsebJ5IxXa3fs_12slugtale_lib9wake_word5testss_42steady_room_noise_does_not_count_as_speech
FN:457,_RNvNtNtCsebJ5IxXa3fs_12slugtale_lib9wake_word5testss_44quiet_speech_is_not_averaged_away_by_silence
FN:475,_RNvNtNtCsebJ5IxXa3fs_12slugtale_lib9wake_word5testss_45digital_silence_is_distinct_from_a_quiet_room
FN:370,_RNvNtNtCsebJ5IxXa3fs_12slugtale_lib9wake_word5testss_45observed_slugtailed_mishearing_still_triggers
FN:348,_RNvNtNtCsebJ5IxXa3fs_12slugtale_lib9wake_word5testss_47normalization_lowercases_and_strips_punctuation
FN:408,_RNvNtNtCsebJ5IxXa3fs_12slugtale_lib9wake_word5testss_49detector_triggers_once_then_respects_the_cooldown
FN:377,_RNvNtNtCsebJ5IxXa3fs_12slugtale_lib9wake_word5testss_51a_greeted_name_mention_clears_the_default_threshold
FN:492,_RNvNtNtCsebJ5IxXa3fs_12slugtale_lib9wake_word5testss_52quiet_speech_can_rise_only_a_little_above_room_noise
FN:382,_RNvNtNtCsebJ5IxXa3fs_12slugtale_lib9wake_word5testss_53a_bare_name_mention_stays_below_the_default_threshold
FN:423,_RNvNtNtCsebJ5IxXa3fs_12slugtale_lib9wake_word5testss_53detector_ignores_below_threshold_transcripts_entirely
FN:448,_RNvNtNtCsebJ5IxXa3fs_12slugtale_lib9wake_word5testss_55clearing_the_window_drops_pending_audio_after_a_trigger
FN:505,_RNvNtNtCsebJ5IxXa3fs_12slugtale_lib9wake_word5testss_61retained_overlap_does_not_shorten_the_next_inference_interval
FN:432,_RNvNtNtCsebJ5IxXa3fs_12slugtale_lib9wake_word5testss_61window_buffer_keeps_only_recent_samples_and_tracks_evaluation
FN:364,_RNvNtNtCsebJ5IxXa3fs_12slugtale_lib9wake_word5testss_62one_character_mishearings_of_the_whole_phrase_still_score_high
FN:282,_RNCNvMs0_NtCsebJ5IxXa3fs_12slugtale_lib9wake_wordNtB7_18SpeechWindowBuffer15new_audio_state0B9_
FN:291,_RNCNvMs0_NtCsebJ5IxXa3fs_12slugtale_lib9wake_wordNtB7_18SpeechWindowBuffer15new_audio_states_0B9_
FN:93,_RNCNvNtCsebJ5IxXa3fs_12slugtale_lib9wake_word24tokens_fuzzy_eq_sequence0B5_
FN:334,_RNvMs0_NtCsebJ5IxXa3fs_12slugtale_lib9wake_wordNtB5_18SpeechWindowBuffer13retain_recent
FN:268,_RNvMs0_NtCsebJ5IxXa3fs_12slugtale_lib9wake_wordNtB5_18SpeechWindowBuffer15new_audio_state
FN:318,_RNvMs0_NtCsebJ5IxXa3fs_12slugtale_lib9wake_wordNtB5_18SpeechWindowBuffer19take_for_evaluation
FN:259,_RNvMs0_NtCsebJ5IxXa3fs_12slugtale_lib9wake_wordNtB5_18SpeechWindowBuffer20new_audio_has_speech
FN:312,_RNvMs0_NtCsebJ5IxXa3fs_12slugtale_lib9wake_wordNtB5_18SpeechWindowBuffer20ready_for_evaluation
FN:241,_RNvMs0_NtCsebJ5IxXa3fs_12slugtale_lib9wake_wordNtB5_18SpeechWindowBuffer3new
FN:245,_RNvMs0_NtCsebJ5IxXa3fs_12slugtale_lib9wake_wordNtB5_18SpeechWindowBuffer4push
FN:325,_RNvMs0_NtCsebJ5IxXa3fs_12slugtale_lib9wake_wordNtB5_18SpeechWindowBuffer5clear
FN:203,_RNvMs_NtCsebJ5IxXa3fs_12slugtale_lib9wake_wordNtB4_16WakeWordDetector13on_transcript
FN:192,_RNvMs_NtCsebJ5IxXa3fs_12slugtale_lib9wake_wordNtB4_16WakeWordDetector3new
FN:76,_RNvNtCsebJ5IxXa3fs_12slugtale_lib9wake_word14token_fuzzy_eq
FN:110,_RNvNtCsebJ5IxXa3fs_12slugtale_lib9wake_word17wake_phrase_score
FN:101,_RNvNtCsebJ5IxXa3fs_12slugtale_lib9wake_word18is_wake_name_token
FN:49,_RNvNtCsebJ5IxXa3fs_12slugtale_lib9wake_word23levenshtein_at_most_one
FN:34,_RNvNtCsebJ5IxXa3fs_12slugtale_lib9wake_word24normalize_for_wake_match
FN:88,_RNvNtCsebJ5IxXa3fs_12slugtale_lib9wake_word24tokens_fuzzy_eq_sequence
FN:174,_RNvXNtCsebJ5IxXa3fs_12slugtale_lib9wake_wordNtB2_14WakeWordConfigNtNtCs6sq8b9ugfBC_4core7default7Default7default
FNDA:1,_RNvNtNtCsebJ5IxXa3fs_12slugtale_lib9wake_word5testss_28unrelated_speech_scores_zero
FNDA:1,_RNvNtNtCsebJ5IxXa3fs_12slugtale_lib9wake_word5testss_31exact_variants_score_full_marks
FNDA:1,_RNvNtNtCsebJ5IxXa3fs_12slugtale_lib9wake_word5testss_34ordinary_slug_words_do_not_trigger
FNDA:1,_RNvNtNtCsebJ5IxXa3fs_12slugtale_lib9wake_word5testss_34short_tokens_are_not_fuzzy_matched
FNDA:1,_RNvNtNtCsebJ5IxXa3fs_12slugtale_lib9wake_word5testss_42steady_room_noise_does_not_count_as_speech
FNDA:1,_RNvNtNtCsebJ5IxXa3fs_12slugtale_lib9wake_word5testss_44quiet_speech_is_not_averaged_away_by_silence
FNDA:1,_RNvNtNtCsebJ5IxXa3fs_12slugtale_lib9wake_word5testss_45digital_silence_is_distinct_from_a_quiet_room
FNDA:1,_RNvNtNtCsebJ5IxXa3fs_12slugtale_lib9wake_word5testss_45observed_slugtailed_mishearing_still_triggers
FNDA:1,_RNvNtNtCsebJ5IxXa3fs_12slugtale_lib9wake_word5testss_47normalization_lowercases_and_strips_punctuation
FNDA:1,_RNvNtNtCsebJ5IxXa3fs_12slugtale_lib9wake_word5testss_49detector_triggers_once_then_respects_the_cooldown
FNDA:1,_RNvNtNtCsebJ5IxXa3fs_12slugtale_lib9wake_word5testss_51a_greeted_name_mention_clears_the_default_threshold
FNDA:1,_RNvNtNtCsebJ5IxXa3fs_12slugtale_lib9wake_word5testss_52quiet_speech_can_rise_only_a_little_above_room_noise
FNDA:1,_RNvNtNtCsebJ5IxXa3fs_12slugtale_lib9wake_word5testss_53a_bare_name_mention_stays_below_the_default_threshold
FNDA:1,_RNvNtNtCsebJ5IxXa3fs_12slugtale_lib9wake_word5testss_53detector_ignores_below_threshold_transcripts_entirely
FNDA:1,_RNvNtNtCsebJ5IxXa3fs_12slugtale_lib9wake_word5testss_55clearing_the_window_drops_pending_audio_after_a_trigger
FNDA:1,_RNvNtNtCsebJ5IxXa3fs_12slugtale_lib9wake_word5testss_61retained_overlap_does_not_shorten_the_next_inference_interval
FNDA:1,_RNvNtNtCsebJ5IxXa3fs_12slugtale_lib9wake_word5testss_61window_buffer_keeps_only_recent_samples_and_tracks_evaluation
FNDA:1,_RNvNtNtCsebJ5IxXa3fs_12slugtale_lib9wake_word5testss_62one_character_mishearings_of_the_whole_phrase_still_score_high
FNDA:576000,_RNCNvMs0_NtCsebJ5IxXa3fs_12slugtale_lib9wake_wordNtB7_18SpeechWindowBuffer15new_audio_state0B9_
FNDA:600,_RNCNvMs0_NtCsebJ5IxXa3fs_12slugtale_lib9wake_wordNtB7_18SpeechWindowBuffer15new_audio_states_0B9_
FNDA:19,_RNCNvNtCsebJ5IxXa3fs_12slugtale_lib9wake_word24tokens_fuzzy_eq_sequence0B5_
FNDA:3,_RNvMs0_NtCsebJ5IxXa3fs_12slugtale_lib9wake_wordNtB5_18SpeechWindowBuffer13retain_recent
FNDA:18,_RNvMs0_NtCsebJ5IxXa3fs_12slugtale_lib9wake_wordNtB5_18SpeechWindowBuffer15new_audio_state
FNDA:4,_RNvMs0_NtCsebJ5IxXa3fs_12slugtale_lib9wake_wordNtB5_18SpeechWindowBuffer19take_for_evaluation
FNDA:3,_RNvMs0_NtCsebJ5IxXa3fs_12slugtale_lib9wake_wordNtB5_18SpeechWindowBuffer20new_audio_has_speech
FNDA:19,_RNvMs0_NtCsebJ5IxXa3fs_12slugtale_lib9wake_wordNtB5_18SpeechWindowBuffer20ready_for_evaluation
FNDA:15,_RNvMs0_NtCsebJ5IxXa3fs_12slugtale_lib9wake_wordNtB5_18SpeechWindowBuffer3new
FNDA:26,_RNvMs0_NtCsebJ5IxXa3fs_12slugtale_lib9wake_wordNtB5_18SpeechWindowBuffer4push
FNDA:36,_RNvMs0_NtCsebJ5IxXa3fs_12slugtale_lib9wake_wordNtB5_18SpeechWindowBuffer5clear
FNDA:5,_RNvMs_NtCsebJ5IxXa3fs_12slugtale_lib9wake_wordNtB4_16WakeWordDetector13on_transcript
FNDA:9,_RNvMs_NtCsebJ5IxXa3fs_12slugtale_lib9wake_wordNtB4_16WakeWordDetector3new
FNDA:23,_RNvNtCsebJ5IxXa3fs_12slugtale_lib9wake_word14token_fuzzy_eq
FNDA:20,_RNvNtCsebJ5IxXa3fs_12slugtale_lib9wake_word17wake_phrase_score
FNDA:30,_RNvNtCsebJ5IxXa3fs_12slugtale_lib9wake_word18is_wake_name_token
FNDA:5,_RNvNtCsebJ5IxXa3fs_12slugtale_lib9wake_word23levenshtein_at_most_one
FNDA:22,_RNvNtCsebJ5IxXa3fs_12slugtale_lib9wake_word24normalize_for_wake_match
FNDA:48,_RNvNtCsebJ5IxXa3fs_12slugtale_lib9wake_word24tokens_fuzzy_eq_sequence
FNDA:9,_RNvXNtCsebJ5IxXa3fs_12slugtale_lib9wake_wordNtB2_14WakeWordConfigNtNtCs6sq8b9ugfBC_4core7default7Default7default
FNF:38
FNH:38
DA:34,22
DA:35,22
DA:36,22
DA:37,307
DA:38,307
DA:39,266
DA:40,266
DA:41,266
DA:42,37
DA:43,37
DA:44,37
DA:46,22
DA:47,22
DA:49,5
DA:53,5
DA:54,0
DA:55,5
DA:56,5
DA:57,5
DA:58,5
DA:59,3
DA:60,2
DA:61,2
DA:62,2
DA:64,0
DA:66,10
DA:67,10
DA:68,2
DA:69,2
DA:70,8
DA:73,0
DA:74,5
DA:76,23
DA:77,23
DA:78,4
DA:79,19
DA:82,19
DA:83,14
DA:84,5
DA:85,5
DA:86,23
DA:88,48
DA:89,48
DA:90,16
DA:91,16
DA:92,16
DA:93,19
DA:94,48
DA:101,30
DA:102,30
DA:103,30
DA:110,20
DA:111,20
DA:112,20
DA:113,1
DA:114,19
DA:116,59
DA:117,59
DA:118,7
DA:119,52
DA:122,12
DA:126,48
DA:127,48
DA:128,0
DA:129,48
DA:135,30
DA:136,30
DA:137,23
DA:138,20
DA:139,2
DA:140,2
DA:141,1
DA:142,30
DA:143,21
DA:144,9
DA:146,9
DA:149,9
DA:152,3
DA:153,20
DA:174,9
DA:175,9
DA:176,9
DA:177,9
DA:178,9
DA:179,9
DA:192,9
DA:193,9
DA:194,9
DA:195,9
DA:196,9
DA:197,9
DA:198,9
DA:203,5
DA:204,5
DA:205,5
DA:206,1
DA:207,4
DA:208,4
DA:209,2
DA:211,1
DA:212,3
DA:213,3
DA:214,3
DA:215,3
DA:216,5
DA:241,15
DA:242,15
DA:243,15
DA:245,26
DA:246,26
DA:247,26
DA:248,26
DA:249,26
DA:250,26
DA:251,26
DA:259,3
DA:260,3
DA:261,3
DA:262,3
DA:263,3
DA:264,3
DA:265,3
DA:266,3
DA:268,18
DA:269,18
DA:270,18
DA:271,18
DA:272,18
DA:273,18
DA:274,18
DA:275,0
DA:276,18
DA:278,18
DA:279,18
DA:280,18
DA:281,18
DA:282,576000
DA:283,18
DA:284,12
DA:286,12
DA:287,6
DA:289,6
DA:290,6
DA:291,600
DA:292,6
DA:293,6
DA:294,6
DA:295,0
DA:296,6
DA:298,6
DA:299,6
DA:300,6
DA:301,6
DA:302,6
DA:303,4
DA:305,2
DA:307,18
DA:312,19
DA:313,19
DA:314,19
DA:318,4
DA:319,4
DA:320,4
DA:321,4
DA:325,36
DA:326,36
DA:327,36
DA:328,36
DA:334,3
DA:335,3
DA:336,3
DA:337,3
DA:338,3
DA:339,3
DA:340,3
DA:348,1
DA:349,1
DA:350,1
DA:351,1
DA:353,1
DA:354,1
DA:357,1
DA:358,1
DA:359,1
DA:360,1
DA:361,1
DA:364,1
DA:365,1
DA:366,1
DA:367,1
DA:370,1
DA:371,1
DA:372,1
DA:373,1
DA:374,1
DA:377,1
DA:378,1
DA:379,1
DA:382,1
DA:385,1
DA:386,1
DA:387,1
DA:390,1
DA:391,1
DA:392,1
DA:393,1
DA:396,1
DA:397,1
DA:398,1
DA:399,1
DA:402,1
DA:404,1
DA:405,1
DA:408,1
DA:409,1
DA:411,1
DA:412,1
DA:413,1
DA:416,1
DA:419,1
DA:420,1
DA:423,1
DA:424,1
DA:426,1
DA:428,1
DA:429,1
DA:432,1
DA:433,1
DA:434,1
DA:436,1
DA:437,1
DA:438,1
DA:439,1
DA:442,1
DA:443,1
DA:444,1
DA:445,1
DA:448,1
DA:449,1
DA:450,1
DA:451,1
DA:452,1
DA:453,1
DA:454,1
DA:457,1
DA:458,1
DA:459,1
DA:460,1
DA:461,1
DA:463,1
DA:464,1
DA:467,1
DA:468,1
DA:469,1
DA:471,1
DA:472,1
DA:475,1
DA:476,1
DA:477,1
DA:478,1
DA:479,1
DA:483,1
DA:484,1
DA:485,1
DA:486,1
DA:489,1
DA:492,1
DA:493,1
DA:494,100
DA:495,100
DA:496,100
DA:498,1
DA:499,1
DA:501,1
DA:502,1
DA:505,1
DA:506,1
DA:507,1
DA:508,1
DA:509,1
DA:511,1
DA:512,1
DA:513,1
DA:514,1
DA:515,1
BRF:0
BRH:0
LF:288
LH:282
end_of_record